Mon 24 Nov 2025 20:48:15 INFO  Device: cuda
Mon 24 Nov 2025 20:48:15 INFO  Config: {'rand_seed': 2024, 'reproducibility': True, 'num_proc': 1, 'data_dir': 'datasets/Musical_Instruments', 'log_dir': 'run_logs/', 'tensorboard_log_dir': 'tensorboard/', 'ckpt_dir': 'ckpt/Musical_Instruments/Nov-24-2025_20-48-c30334', 'stage': 'pretrain', 'pretrained_model': '', 'epoch_per_stage': [60, 20, 20, 20, 20, 20, 20], 'tau': 1.0, 'load_best_for_next_stage': False, 'train_batch_size': 256, 'eval_batch_size': 256, 'lr': 0.005, 'weight_decay': 0.05, 'warmup_steps': 10000, 'steps': None, 'epochs': 200, 'max_grad_norm': 1.0, 'eval_interval': 1, 'save_interval': 10, 'patience': 50, 'topk': [5, 10], 'metrics': ['ndcg', 'recall'], 'val_metric': 'ndcg@10', 'val_ratio': 1.0, 'val_delay': 199, 'n_codebooks': 3, 'codebook_size': 256, 'expand_final': True, 'token_prefix': 'rqvae/sentence-t5-base_256,256,256,256', 'token_suffix': 'sem_ids', 'n_user_tokens': 1, 'max_item_seq_len': 20, 'num_beams': 20, 'test_num_beams': None, 'num_layers': 6, 'num_decoder_layers': 6, 'd_model': 128, 'd_ff': 512, 'num_heads': 4, 'd_kv': 64, 'dropout_rate': 0.1, 'activation_function': 'relu', 'feed_forward_proj': 'relu', 'results_dir': None, 'sem_id_epochs': [9976, 9977, 9978, 9979, 9980, 9981, 9982, 9983, 9984, 9985, 9986, 9987, 9988, 9989, 9990, 9991, 9992, 9993, 9994, 9995, 9996, 9997, 9998, 9999, 10000], 'run_local_time': 'Nov-24-2025_20-48', 'ckpt_name': 'Nov-24-2025_20-48-c30334', 'dataset': 'Musical_Instruments', 'device': device(type='cuda'), 'use_ddp': True, 'accelerator': <accelerate.accelerator.Accelerator object at 0x77152e5ab940>}
Mon 24 Nov 2025 20:48:15 INFO  [TOKENIZER] Loading semantic IDs from datasets/Musical_Instruments/rqvae/sentence-t5-base_256,256,256,256_9976.sem_ids...
Mon 24 Nov 2025 20:48:15 INFO  [TOKENIZER] Loading semantic IDs from datasets/Musical_Instruments/rqvae/sentence-t5-base_256,256,256,256_9977.sem_ids...
Mon 24 Nov 2025 20:48:15 INFO  [TOKENIZER] Loading semantic IDs from datasets/Musical_Instruments/rqvae/sentence-t5-base_256,256,256,256_9978.sem_ids...
Mon 24 Nov 2025 20:48:15 INFO  [TOKENIZER] Loading semantic IDs from datasets/Musical_Instruments/rqvae/sentence-t5-base_256,256,256,256_9979.sem_ids...
Mon 24 Nov 2025 20:48:16 INFO  [TOKENIZER] Loading semantic IDs from datasets/Musical_Instruments/rqvae/sentence-t5-base_256,256,256,256_9980.sem_ids...
Mon 24 Nov 2025 20:48:16 INFO  [TOKENIZER] Loading semantic IDs from datasets/Musical_Instruments/rqvae/sentence-t5-base_256,256,256,256_9981.sem_ids...
Mon 24 Nov 2025 20:48:16 INFO  [TOKENIZER] Loading semantic IDs from datasets/Musical_Instruments/rqvae/sentence-t5-base_256,256,256,256_9982.sem_ids...
Mon 24 Nov 2025 20:48:16 INFO  [TOKENIZER] Loading semantic IDs from datasets/Musical_Instruments/rqvae/sentence-t5-base_256,256,256,256_9983.sem_ids...
Mon 24 Nov 2025 20:48:16 INFO  [TOKENIZER] Loading semantic IDs from datasets/Musical_Instruments/rqvae/sentence-t5-base_256,256,256,256_9984.sem_ids...
Mon 24 Nov 2025 20:48:17 INFO  [TOKENIZER] Loading semantic IDs from datasets/Musical_Instruments/rqvae/sentence-t5-base_256,256,256,256_9985.sem_ids...
Mon 24 Nov 2025 20:48:17 INFO  [TOKENIZER] Loading semantic IDs from datasets/Musical_Instruments/rqvae/sentence-t5-base_256,256,256,256_9986.sem_ids...
Mon 24 Nov 2025 20:48:17 INFO  [TOKENIZER] Loading semantic IDs from datasets/Musical_Instruments/rqvae/sentence-t5-base_256,256,256,256_9987.sem_ids...
Mon 24 Nov 2025 20:48:17 INFO  [TOKENIZER] Loading semantic IDs from datasets/Musical_Instruments/rqvae/sentence-t5-base_256,256,256,256_9988.sem_ids...
Mon 24 Nov 2025 20:48:17 INFO  [TOKENIZER] Loading semantic IDs from datasets/Musical_Instruments/rqvae/sentence-t5-base_256,256,256,256_9989.sem_ids...
Mon 24 Nov 2025 20:48:17 INFO  [TOKENIZER] Loading semantic IDs from datasets/Musical_Instruments/rqvae/sentence-t5-base_256,256,256,256_9990.sem_ids...
Mon 24 Nov 2025 20:48:18 INFO  [TOKENIZER] Loading semantic IDs from datasets/Musical_Instruments/rqvae/sentence-t5-base_256,256,256,256_9991.sem_ids...
Mon 24 Nov 2025 20:48:18 INFO  [TOKENIZER] Loading semantic IDs from datasets/Musical_Instruments/rqvae/sentence-t5-base_256,256,256,256_9992.sem_ids...
Mon 24 Nov 2025 20:48:18 INFO  [TOKENIZER] Loading semantic IDs from datasets/Musical_Instruments/rqvae/sentence-t5-base_256,256,256,256_9993.sem_ids...
Mon 24 Nov 2025 20:48:18 INFO  [TOKENIZER] Loading semantic IDs from datasets/Musical_Instruments/rqvae/sentence-t5-base_256,256,256,256_9994.sem_ids...
Mon 24 Nov 2025 20:48:18 INFO  [TOKENIZER] Loading semantic IDs from datasets/Musical_Instruments/rqvae/sentence-t5-base_256,256,256,256_9995.sem_ids...
Mon 24 Nov 2025 20:48:18 INFO  [TOKENIZER] Loading semantic IDs from datasets/Musical_Instruments/rqvae/sentence-t5-base_256,256,256,256_9996.sem_ids...
Mon 24 Nov 2025 20:48:19 INFO  [TOKENIZER] Loading semantic IDs from datasets/Musical_Instruments/rqvae/sentence-t5-base_256,256,256,256_9997.sem_ids...
Mon 24 Nov 2025 20:48:19 INFO  [TOKENIZER] Loading semantic IDs from datasets/Musical_Instruments/rqvae/sentence-t5-base_256,256,256,256_9998.sem_ids...
Mon 24 Nov 2025 20:48:19 INFO  [TOKENIZER] Loading semantic IDs from datasets/Musical_Instruments/rqvae/sentence-t5-base_256,256,256,256_9999.sem_ids...
Mon 24 Nov 2025 20:48:19 INFO  [TOKENIZER] Loading semantic IDs from datasets/Musical_Instruments/rqvae/sentence-t5-base_256,256,256,256_10000.sem_ids...
Mon 24 Nov 2025 20:48:22 INFO  MTGRec(
  (t5): T5ForConditionalGeneration(
    (shared): Embedding(1027, 128)
    (encoder): T5Stack(
      (embed_tokens): Embedding(1027, 128)
      (block): ModuleList(
        (0): T5Block(
          (layer): ModuleList(
            (0): T5LayerSelfAttention(
              (SelfAttention): T5Attention(
                (q): Linear(in_features=128, out_features=256, bias=False)
                (k): Linear(in_features=128, out_features=256, bias=False)
                (v): Linear(in_features=128, out_features=256, bias=False)
                (o): Linear(in_features=256, out_features=128, bias=False)
                (relative_attention_bias): Embedding(32, 4)
              )
              (layer_norm): T5LayerNorm()
              (dropout): Dropout(p=0.1, inplace=False)
            )
            (1): T5LayerFF(
              (DenseReluDense): T5DenseActDense(
                (wi): Linear(in_features=128, out_features=512, bias=False)
                (wo): Linear(in_features=512, out_features=128, bias=False)
                (dropout): Dropout(p=0.1, inplace=False)
                (act): ReLU()
              )
              (layer_norm): T5LayerNorm()
              (dropout): Dropout(p=0.1, inplace=False)
            )
          )
        )
        (1-5): 5 x T5Block(
          (layer): ModuleList(
            (0): T5LayerSelfAttention(
              (SelfAttention): T5Attention(
                (q): Linear(in_features=128, out_features=256, bias=False)
                (k): Linear(in_features=128, out_features=256, bias=False)
                (v): Linear(in_features=128, out_features=256, bias=False)
                (o): Linear(in_features=256, out_features=128, bias=False)
              )
              (layer_norm): T5LayerNorm()
              (dropout): Dropout(p=0.1, inplace=False)
            )
            (1): T5LayerFF(
              (DenseReluDense): T5DenseActDense(
                (wi): Linear(in_features=128, out_features=512, bias=False)
                (wo): Linear(in_features=512, out_features=128, bias=False)
                (dropout): Dropout(p=0.1, inplace=False)
                (act): ReLU()
              )
              (layer_norm): T5LayerNorm()
              (dropout): Dropout(p=0.1, inplace=False)
            )
          )
        )
      )
      (final_layer_norm): T5LayerNorm()
      (dropout): Dropout(p=0.1, inplace=False)
    )
    (decoder): T5Stack(
      (embed_tokens): Embedding(1027, 128)
      (block): ModuleList(
        (0): T5Block(
          (layer): ModuleList(
            (0): T5LayerSelfAttention(
              (SelfAttention): T5Attention(
                (q): Linear(in_features=128, out_features=256, bias=False)
                (k): Linear(in_features=128, out_features=256, bias=False)
                (v): Linear(in_features=128, out_features=256, bias=False)
                (o): Linear(in_features=256, out_features=128, bias=False)
                (relative_attention_bias): Embedding(32, 4)
              )
              (layer_norm): T5LayerNorm()
              (dropout): Dropout(p=0.1, inplace=False)
            )
            (1): T5LayerCrossAttention(
              (EncDecAttention): T5Attention(
                (q): Linear(in_features=128, out_features=256, bias=False)
                (k): Linear(in_features=128, out_features=256, bias=False)
                (v): Linear(in_features=128, out_features=256, bias=False)
                (o): Linear(in_features=256, out_features=128, bias=False)
              )
              (layer_norm): T5LayerNorm()
              (dropout): Dropout(p=0.1, inplace=False)
            )
            (2): T5LayerFF(
              (DenseReluDense): T5DenseActDense(
                (wi): Linear(in_features=128, out_features=512, bias=False)
                (wo): Linear(in_features=512, out_features=128, bias=False)
                (dropout): Dropout(p=0.1, inplace=False)
                (act): ReLU()
              )
              (layer_norm): T5LayerNorm()
              (dropout): Dropout(p=0.1, inplace=False)
            )
          )
        )
        (1-5): 5 x T5Block(
          (layer): ModuleList(
            (0): T5LayerSelfAttention(
              (SelfAttention): T5Attention(
                (q): Linear(in_features=128, out_features=256, bias=False)
                (k): Linear(in_features=128, out_features=256, bias=False)
                (v): Linear(in_features=128, out_features=256, bias=False)
                (o): Linear(in_features=256, out_features=128, bias=False)
              )
              (layer_norm): T5LayerNorm()
              (dropout): Dropout(p=0.1, inplace=False)
            )
            (1): T5LayerCrossAttention(
              (EncDecAttention): T5Attention(
                (q): Linear(in_features=128, out_features=256, bias=False)
                (k): Linear(in_features=128, out_features=256, bias=False)
                (v): Linear(in_features=128, out_features=256, bias=False)
                (o): Linear(in_features=256, out_features=128, bias=False)
              )
              (layer_norm): T5LayerNorm()
              (dropout): Dropout(p=0.1, inplace=False)
            )
            (2): T5LayerFF(
              (DenseReluDense): T5DenseActDense(
                (wi): Linear(in_features=128, out_features=512, bias=False)
                (wo): Linear(in_features=512, out_features=128, bias=False)
                (dropout): Dropout(p=0.1, inplace=False)
                (act): ReLU()
              )
              (layer_norm): T5LayerNorm()
              (dropout): Dropout(p=0.1, inplace=False)
            )
          )
        )
      )
      (final_layer_norm): T5LayerNorm()
      (dropout): Dropout(p=0.1, inplace=False)
    )
    (lm_head): Linear(in_features=128, out_features=1027, bias=False)
  )
)
Mon 24 Nov 2025 20:48:22 INFO  #Embedding parameters: 131456
#Non-embedding parameters: 3936512
#Total trainable parameters: 4067968

Mon 24 Nov 2025 20:48:53 INFO  [Epoch 1] Train Loss: 4.077841571437586
Mon 24 Nov 2025 20:49:25 INFO  [Epoch 2] Train Loss: 2.92933423847431
Mon 24 Nov 2025 20:49:57 INFO  [Epoch 3] Train Loss: 2.602987305574439
Mon 24 Nov 2025 20:50:28 INFO  [Epoch 4] Train Loss: 2.4757265872395604
Mon 24 Nov 2025 20:51:00 INFO  [Epoch 5] Train Loss: 2.3813794557989048
Mon 24 Nov 2025 20:51:32 INFO  [Epoch 6] Train Loss: 2.3264872930927147
Mon 24 Nov 2025 20:52:03 INFO  [Epoch 7] Train Loss: 2.2775928968769703
Mon 24 Nov 2025 20:52:34 INFO  [Epoch 8] Train Loss: 2.247223017716246
Mon 24 Nov 2025 20:53:05 INFO  [Epoch 9] Train Loss: 2.208835115282046
Mon 24 Nov 2025 20:53:36 INFO  [Epoch 10] Train Loss: 2.1866503499162384
Mon 24 Nov 2025 20:53:36 INFO  [Epoch 10] Saved model checkpoint to ckpt/Musical_Instruments/Nov-24-2025_20-48-c30334/Nov-24-2025_20-48-c30334_10.pth
Mon 24 Nov 2025 20:54:10 INFO  [Epoch 11] Train Loss: 2.1636948725439895
Mon 24 Nov 2025 20:54:48 INFO  [Epoch 12] Train Loss: 2.1461665689541576
Mon 24 Nov 2025 20:55:25 INFO  [Epoch 13] Train Loss: 2.130885948176847
Mon 24 Nov 2025 20:56:03 INFO  [Epoch 14] Train Loss: 2.1209177368112395
Mon 24 Nov 2025 20:56:40 INFO  [Epoch 15] Train Loss: 2.110092335845224
Mon 24 Nov 2025 20:57:18 INFO  [Epoch 16] Train Loss: 2.104430468841277
Mon 24 Nov 2025 20:57:54 INFO  [Epoch 17] Train Loss: 2.093547452653235
Mon 24 Nov 2025 20:58:31 INFO  [Epoch 18] Train Loss: 2.085517283486997
Mon 24 Nov 2025 20:59:07 INFO  [Epoch 19] Train Loss: 2.0803141585860243
Mon 24 Nov 2025 20:59:43 INFO  [Epoch 20] Train Loss: 2.0704047978597084
Mon 24 Nov 2025 20:59:44 INFO  [Epoch 20] Saved model checkpoint to ckpt/Musical_Instruments/Nov-24-2025_20-48-c30334/Nov-24-2025_20-48-c30334_20.pth
Mon 24 Nov 2025 21:00:19 INFO  [Epoch 21] Train Loss: 2.0700463871923582
Mon 24 Nov 2025 21:00:55 INFO  [Epoch 22] Train Loss: 2.065832606825818
Mon 24 Nov 2025 21:01:30 INFO  [Epoch 23] Train Loss: 2.059036063017748
Mon 24 Nov 2025 21:02:04 INFO  [Epoch 24] Train Loss: 2.0568011552431784
Mon 24 Nov 2025 21:02:40 INFO  [Epoch 25] Train Loss: 2.0535130737597465
Mon 24 Nov 2025 21:03:16 INFO  [Epoch 26] Train Loss: 2.047679275745194
Mon 24 Nov 2025 21:03:52 INFO  [Epoch 27] Train Loss: 2.048331372355769
Mon 24 Nov 2025 21:04:29 INFO  [Epoch 28] Train Loss: 2.0439590495542266
Mon 24 Nov 2025 21:05:05 INFO  [Epoch 29] Train Loss: 2.0402617704787587
Mon 24 Nov 2025 21:05:43 INFO  [Epoch 30] Train Loss: 2.0366356571963893
Mon 24 Nov 2025 21:05:43 INFO  [Epoch 30] Saved model checkpoint to ckpt/Musical_Instruments/Nov-24-2025_20-48-c30334/Nov-24-2025_20-48-c30334_30.pth
Mon 24 Nov 2025 21:06:21 INFO  [Epoch 31] Train Loss: 2.0358823849977274
Mon 24 Nov 2025 21:06:57 INFO  [Epoch 32] Train Loss: 2.0317069684947855
Mon 24 Nov 2025 21:07:33 INFO  [Epoch 33] Train Loss: 2.027775703111567
Mon 24 Nov 2025 21:08:10 INFO  [Epoch 34] Train Loss: 2.025212506408347
Mon 24 Nov 2025 21:08:48 INFO  [Epoch 35] Train Loss: 2.024841267153049
Mon 24 Nov 2025 21:09:24 INFO  [Epoch 36] Train Loss: 2.0213881997437833
Mon 24 Nov 2025 21:09:59 INFO  [Epoch 37] Train Loss: 2.020816817240575
Mon 24 Nov 2025 21:10:31 INFO  [Epoch 38] Train Loss: 2.019534059625716
Mon 24 Nov 2025 21:11:03 INFO  [Epoch 39] Train Loss: 2.0177103902631637
Mon 24 Nov 2025 21:11:36 INFO  [Epoch 40] Train Loss: 2.01415380102248
Mon 24 Nov 2025 21:11:36 INFO  [Epoch 40] Saved model checkpoint to ckpt/Musical_Instruments/Nov-24-2025_20-48-c30334/Nov-24-2025_20-48-c30334_40.pth
Mon 24 Nov 2025 21:12:09 INFO  [Epoch 41] Train Loss: 2.0113838800727377
Mon 24 Nov 2025 21:12:42 INFO  [Epoch 42] Train Loss: 2.008794446292903
Mon 24 Nov 2025 21:13:19 INFO  [Epoch 43] Train Loss: 2.0066737410177224
Mon 24 Nov 2025 21:13:55 INFO  [Epoch 44] Train Loss: 2.0085702079682535
Mon 24 Nov 2025 21:14:31 INFO  [Epoch 45] Train Loss: 2.0046345582126763
Mon 24 Nov 2025 21:15:07 INFO  [Epoch 46] Train Loss: 2.002945050159911
Mon 24 Nov 2025 21:15:43 INFO  [Epoch 47] Train Loss: 2.0062242014413494
Mon 24 Nov 2025 21:16:21 INFO  [Epoch 48] Train Loss: 1.9979014025315742
Mon 24 Nov 2025 21:16:58 INFO  [Epoch 49] Train Loss: 1.997868313477217
Mon 24 Nov 2025 21:17:34 INFO  [Epoch 50] Train Loss: 1.999396859926779
Mon 24 Nov 2025 21:17:34 INFO  [Epoch 50] Saved model checkpoint to ckpt/Musical_Instruments/Nov-24-2025_20-48-c30334/Nov-24-2025_20-48-c30334_50.pth
Mon 24 Nov 2025 21:18:11 INFO  [Epoch 51] Train Loss: 1.9968956310646797
Mon 24 Nov 2025 21:18:45 INFO  [Epoch 52] Train Loss: 1.9889327734372417
Mon 24 Nov 2025 21:19:18 INFO  [Epoch 53] Train Loss: 1.9909738751620256
Mon 24 Nov 2025 21:19:52 INFO  [Epoch 54] Train Loss: 1.986621230773409
Mon 24 Nov 2025 21:20:26 INFO  [Epoch 55] Train Loss: 1.9876327721851943
Mon 24 Nov 2025 21:20:59 INFO  [Epoch 56] Train Loss: 1.9867665460900852
Mon 24 Nov 2025 21:21:35 INFO  [Epoch 57] Train Loss: 1.9823157593574265
Mon 24 Nov 2025 21:22:11 INFO  [Epoch 58] Train Loss: 1.9817983377598747
Mon 24 Nov 2025 21:22:46 INFO  [Epoch 59] Train Loss: 1.9839430732597885
Mon 24 Nov 2025 21:23:19 INFO  [Epoch 60] Train Loss: 1.983416053296212
Mon 24 Nov 2025 21:23:19 INFO  [Epoch 60] Saved model checkpoint to ckpt/Musical_Instruments/Nov-24-2025_20-48-c30334/Nov-24-2025_20-48-c30334_60.pth
Mon 24 Nov 2025 21:23:19 INFO  Best epoch: 0, Best val score: -1
Mon 24 Nov 2025 21:23:19 INFO  [Epoch 61] Saved model checkpoint to ckpt/Musical_Instruments/Nov-24-2025_20-48-c30334/Nov-24-2025_20-48-c30334.pth
Mon 24 Nov 2025 21:23:19 INFO  Validation scores for all tokenizers: [0 0 0 0 0 0 0 0 0 0 0 0 0 0 0 0 0 0 0 0 0 0 0 0 0]
Mon 24 Nov 2025 21:39:35 INFO  Influence scores: tensor([[0.2680, 0.2598, 0.2572, 0.2945, 0.2885, 0.2313, 0.2566, 0.2519, 0.2217,
         0.1929, 0.2217, 0.1851, 0.1732, 0.2056, 0.1735, 0.1425, 0.1908, 0.1706,
         0.1470, 0.1639, 0.1045, 0.1164, 0.1145, 0.1149, 0.0994],
        [0.2407, 0.2975, 0.2590, 0.3060, 0.2971, 0.2270, 0.2659, 0.2682, 0.2209,
         0.1982, 0.2372, 0.1949, 0.1822, 0.2170, 0.1890, 0.1569, 0.2055, 0.1823,
         0.1594, 0.1719, 0.1131, 0.1232, 0.1122, 0.1196, 0.1023],
        [0.2077, 0.2296, 0.2852, 0.2763, 0.3014, 0.2320, 0.2742, 0.2508, 0.2319,
         0.2058, 0.2395, 0.1907, 0.1795, 0.2146, 0.1859, 0.1540, 0.1986, 0.1841,
         0.1593, 0.1666, 0.1142, 0.1255, 0.1200, 0.1209, 0.1069],
        [0.2225, 0.2535, 0.2556, 0.3244, 0.2896, 0.2326, 0.2708, 0.2682, 0.2271,
         0.2059, 0.2382, 0.1949, 0.1844, 0.2183, 0.1881, 0.1562, 0.2000, 0.1789,
         0.1605, 0.1688, 0.1125, 0.1228, 0.1134, 0.1175, 0.1023],
        [0.1900, 0.2233, 0.2584, 0.2637, 0.3195, 0.2236, 0.2725, 0.2508, 0.2347,
         0.2033, 0.2419, 0.1908, 0.1737, 0.2132, 0.1870, 0.1566, 0.2015, 0.1842,
         0.1582, 0.1654, 0.1137, 0.1226, 0.1181, 0.1201, 0.1010],
        [0.1775, 0.1932, 0.2306, 0.2485, 0.2626, 0.2600, 0.2457, 0.2334, 0.2214,
         0.2100, 0.2243, 0.2011, 0.1903, 0.2165, 0.1855, 0.1531, 0.1938, 0.1806,
         0.1581, 0.1689, 0.1174, 0.1228, 0.1204, 0.1156, 0.0976],
        [0.1783, 0.2069, 0.2464, 0.2639, 0.2926, 0.2253, 0.2977, 0.2631, 0.2438,
         0.2211, 0.2590, 0.2016, 0.1924, 0.2291, 0.2034, 0.1737, 0.2156, 0.1941,
         0.1754, 0.1820, 0.1268, 0.1389, 0.1293, 0.1280, 0.1115],
        [0.1799, 0.2144, 0.2275, 0.2644, 0.2700, 0.2143, 0.2650, 0.3284, 0.2300,
         0.2151, 0.2413, 0.2058, 0.1987, 0.2320, 0.2106, 0.1822, 0.2229, 0.1844,
         0.1665, 0.1862, 0.1231, 0.1329, 0.1269, 0.1219, 0.1001],
        [0.1740, 0.1906, 0.2319, 0.2487, 0.2823, 0.2253, 0.2717, 0.2523, 0.2642,
         0.2230, 0.2531, 0.2065, 0.1931, 0.2302, 0.2031, 0.1714, 0.2166, 0.1979,
         0.1739, 0.1813, 0.1274, 0.1376, 0.1341, 0.1271, 0.1092],
        [0.1463, 0.1713, 0.2080, 0.2275, 0.2485, 0.2147, 0.2474, 0.2384, 0.2263,
         0.2445, 0.2453, 0.2032, 0.2001, 0.2311, 0.2091, 0.1807, 0.2181, 0.1945,
         0.1799, 0.1860, 0.1312, 0.1423, 0.1372, 0.1241, 0.1049],
        [0.1394, 0.1765, 0.2101, 0.2279, 0.2575, 0.2012, 0.2531, 0.2359, 0.2216,
         0.2144, 0.2787, 0.2059, 0.1957, 0.2366, 0.2169, 0.1866, 0.2266, 0.2080,
         0.1877, 0.1913, 0.1386, 0.1442, 0.1346, 0.1325, 0.1108],
        [0.1306, 0.1598, 0.1859, 0.2096, 0.2330, 0.2001, 0.2236, 0.2246, 0.2019,
         0.1973, 0.2335, 0.2477, 0.2232, 0.2480, 0.2151, 0.1794, 0.2217, 0.2039,
         0.1768, 0.2007, 0.1407, 0.1468, 0.1283, 0.1327, 0.1101],
        [0.1314, 0.1552, 0.1849, 0.2118, 0.2339, 0.2007, 0.2271, 0.2281, 0.1978,
         0.2034, 0.2341, 0.2331, 0.2456, 0.2526, 0.2208, 0.1872, 0.2290, 0.2021,
         0.1874, 0.2161, 0.1455, 0.1573, 0.1377, 0.1404, 0.1221],
        [0.1276, 0.1551, 0.1881, 0.2135, 0.2412, 0.1980, 0.2312, 0.2301, 0.2015,
         0.2021, 0.2458, 0.2268, 0.2181, 0.2885, 0.2329, 0.1947, 0.2481, 0.2201,
         0.1997, 0.2194, 0.1533, 0.1641, 0.1412, 0.1462, 0.1273],
        [0.1061, 0.1367, 0.1661, 0.1899, 0.2172, 0.1728, 0.2126, 0.2150, 0.1830,
         0.1869, 0.2301, 0.2009, 0.1979, 0.2424, 0.2605, 0.2180, 0.2614, 0.2253,
         0.2091, 0.2313, 0.1632, 0.1745, 0.1540, 0.1505, 0.1291],
        [0.0992, 0.1317, 0.1596, 0.1807, 0.2043, 0.1613, 0.2029, 0.2118, 0.1772,
         0.1830, 0.2188, 0.1875, 0.1873, 0.2251, 0.2442, 0.2481, 0.2648, 0.2157,
         0.2093, 0.2372, 0.1724, 0.1841, 0.1765, 0.1630, 0.1322],
        [0.1007, 0.1349, 0.1604, 0.1819, 0.2105, 0.1632, 0.2034, 0.2109, 0.1782,
         0.1809, 0.2192, 0.1870, 0.1822, 0.2301, 0.2409, 0.2236, 0.2872, 0.2266,
         0.2066, 0.2343, 0.1691, 0.1823, 0.1692, 0.1622, 0.1271],
        [0.0974, 0.1293, 0.1633, 0.1761, 0.2063, 0.1640, 0.1978, 0.1871, 0.1755,
         0.1721, 0.2150, 0.1863, 0.1748, 0.2209, 0.2237, 0.1911, 0.2412, 0.2671,
         0.2121, 0.2163, 0.1817, 0.1848, 0.1728, 0.1756, 0.1549],
        [0.0928, 0.1231, 0.1564, 0.1743, 0.1994, 0.1607, 0.1970, 0.1866, 0.1691,
         0.1752, 0.2125, 0.1762, 0.1765, 0.2171, 0.2232, 0.2010, 0.2400, 0.2293,
         0.2500, 0.2337, 0.1827, 0.1915, 0.1751, 0.1721, 0.1603],
        [0.0912, 0.1164, 0.1458, 0.1673, 0.1951, 0.1554, 0.1876, 0.1908, 0.1577,
         0.1623, 0.2020, 0.1822, 0.1849, 0.2193, 0.2250, 0.2114, 0.2524, 0.2179,
         0.2170, 0.2810, 0.2012, 0.2132, 0.1877, 0.1916, 0.1609],
        [0.0820, 0.1116, 0.1426, 0.1594, 0.1843, 0.1480, 0.1801, 0.1736, 0.1555,
         0.1571, 0.1941, 0.1717, 0.1682, 0.2039, 0.2116, 0.1954, 0.2325, 0.2307,
         0.2149, 0.2486, 0.2272, 0.2216, 0.1991, 0.2061, 0.1726],
        [0.0799, 0.1079, 0.1403, 0.1575, 0.1823, 0.1439, 0.1787, 0.1737, 0.1539,
         0.1569, 0.1889, 0.1647, 0.1653, 0.2001, 0.2085, 0.1969, 0.2329, 0.2218,
         0.2118, 0.2477, 0.2115, 0.2598, 0.2288, 0.2310, 0.1999],
        [0.0916, 0.1088, 0.1458, 0.1592, 0.1909, 0.1490, 0.1827, 0.1762, 0.1634,
         0.1600, 0.1901, 0.1602, 0.1614, 0.1964, 0.2038, 0.1976, 0.2356, 0.2208,
         0.2060, 0.2363, 0.1958, 0.2376, 0.2809, 0.2345, 0.2090],
        [0.0861, 0.1098, 0.1437, 0.1603, 0.1895, 0.1423, 0.1778, 0.1690, 0.1504,
         0.1454, 0.1844, 0.1603, 0.1563, 0.1936, 0.1937, 0.1807, 0.2235, 0.2197,
         0.1991, 0.2362, 0.2026, 0.2382, 0.2322, 0.2783, 0.2333],
        [0.0819, 0.1039, 0.1440, 0.1560, 0.1792, 0.1390, 0.1718, 0.1610, 0.1462,
         0.1425, 0.1760, 0.1522, 0.1500, 0.1849, 0.1854, 0.1671, 0.2014, 0.2133,
         0.2003, 0.2153, 0.1867, 0.2211, 0.2230, 0.2490, 0.2781]],
       device='cuda:0')
Mon 24 Nov 2025 21:39:35 INFO  Mean influence score: [0.19384455680847168, 0.20188985764980316, 0.19821025431156158, 0.20028680562973022, 0.19551034271717072, 0.18916568160057068, 0.20399972796440125, 0.20177920162677765, 0.20106473565101624, 0.194427490234375, 0.19729213416576385, 0.19099999964237213, 0.1954028457403183, 0.2005731165409088, 0.19338583946228027, 0.19110755622386932, 0.19090789556503296, 0.187486469745636, 0.18702727556228638, 0.18869735300540924, 0.1836979240179062, 0.18577797710895538, 0.18774016201496124, 0.18425719439983368, 0.17717471718788147]
Mon 24 Nov 2025 21:39:35 INFO  Stage 0 selected prob: [0.04003817215561867, 0.040361590683460236, 0.04021335020661354, 0.04029694199562073, 0.04010492563247681, 0.03985127434134483, 0.04044684022665024, 0.04035712033510208, 0.04032830148935318, 0.04006151854991913, 0.04017644375562668, 0.039924442768096924, 0.040100615471601486, 0.040308479219675064, 0.04001981019973755, 0.03992874175310135, 0.03992076590657234, 0.03978440910577774, 0.03976615145802498, 0.039832618087530136, 0.03963397443294525, 0.03971650078892708, 0.03979450836777687, 0.0396561473608017, 0.03937627375125885]
Mon 24 Nov 2025 21:40:09 INFO  [Epoch 61] Train Loss: 1.9796827743607772
Mon 24 Nov 2025 21:40:43 INFO  [Epoch 62] Train Loss: 1.9768798144084336
Mon 24 Nov 2025 21:41:17 INFO  [Epoch 63] Train Loss: 1.9773511114292706
Mon 24 Nov 2025 21:41:51 INFO  [Epoch 64] Train Loss: 1.973475533737286
Mon 24 Nov 2025 21:42:24 INFO  [Epoch 65] Train Loss: 1.9723424567056833
Mon 24 Nov 2025 21:42:55 INFO  [Epoch 66] Train Loss: 1.9734763472128667
Mon 24 Nov 2025 21:43:27 INFO  [Epoch 67] Train Loss: 1.9714073502452325
Mon 24 Nov 2025 21:44:00 INFO  [Epoch 68] Train Loss: 1.968414148681589
Mon 24 Nov 2025 21:44:33 INFO  [Epoch 69] Train Loss: 1.967756022179907
Mon 24 Nov 2025 21:45:06 INFO  [Epoch 70] Train Loss: 1.9622589398183887
Mon 24 Nov 2025 21:45:06 INFO  [Epoch 70] Saved model checkpoint to ckpt/Musical_Instruments/Nov-24-2025_20-48-c30334/Nov-24-2025_20-48-c30334_70.pth
Mon 24 Nov 2025 21:45:39 INFO  [Epoch 71] Train Loss: 1.9625133709229412
Mon 24 Nov 2025 21:46:11 INFO  [Epoch 72] Train Loss: 1.96320184708718
Mon 24 Nov 2025 21:46:43 INFO  [Epoch 73] Train Loss: 1.9586075342535703
Mon 24 Nov 2025 21:47:15 INFO  [Epoch 74] Train Loss: 1.9599032030686836
Mon 24 Nov 2025 21:47:46 INFO  [Epoch 75] Train Loss: 1.955656165732218
Mon 24 Nov 2025 21:48:16 INFO  [Epoch 76] Train Loss: 1.9520537912441969
Mon 24 Nov 2025 21:48:46 INFO  [Epoch 77] Train Loss: 1.9509966922398345
Mon 24 Nov 2025 21:49:17 INFO  [Epoch 78] Train Loss: 1.952514862906583
Mon 24 Nov 2025 21:49:49 INFO  [Epoch 79] Train Loss: 1.9519864369192188
Mon 24 Nov 2025 21:50:21 INFO  [Epoch 80] Train Loss: 1.949250575382069
Mon 24 Nov 2025 21:50:22 INFO  [Epoch 80] Saved model checkpoint to ckpt/Musical_Instruments/Nov-24-2025_20-48-c30334/Nov-24-2025_20-48-c30334_80.pth
Mon 24 Nov 2025 21:50:22 INFO  Best epoch: 0, Best val score: -1
Mon 24 Nov 2025 21:50:22 INFO  [Epoch 81] Saved model checkpoint to ckpt/Musical_Instruments/Nov-24-2025_20-48-c30334/Nov-24-2025_20-48-c30334.pth
Mon 24 Nov 2025 21:50:22 INFO  Validation scores for all tokenizers: [0 0 0 0 0 0 0 0 0 0 0 0 0 0 0 0 0 0 0 0 0 0 0 0 0]
Mon 24 Nov 2025 22:07:01 INFO  Influence scores: tensor([[ 2.0758e-01,  1.4858e-01,  7.5209e-02,  1.4111e-01,  5.6082e-02,
          8.7664e-02,  4.9662e-02,  1.0966e-01,  7.4079e-02,  4.4288e-02,
          2.0240e-02,  6.5823e-02,  8.7011e-02,  3.0440e-02,  4.9174e-02,
          2.5936e-02,  5.0332e-02,  9.1965e-03,  2.4961e-02,  4.3925e-02,
          1.0427e-02,  9.5488e-05, -1.5160e-02, -4.4085e-03, -6.7229e-03],
        [ 1.7891e-01,  1.9147e-01,  7.6765e-02,  1.5488e-01,  6.9146e-02,
          8.3775e-02,  6.1234e-02,  1.2625e-01,  7.3288e-02,  4.9600e-02,
          3.8872e-02,  7.6921e-02,  9.7419e-02,  4.5944e-02,  6.7027e-02,
          4.2238e-02,  6.8311e-02,  2.2568e-02,  3.9960e-02,  5.5758e-02,
          2.0961e-02,  8.1869e-03, -1.6518e-02,  1.7507e-03, -2.7499e-03],
        [ 1.4934e-01,  1.1917e-01,  1.1273e-01,  1.2682e-01,  8.3883e-02,
          9.3707e-02,  7.7488e-02,  1.1120e-01,  9.0460e-02,  6.3163e-02,
          5.0213e-02,  7.8112e-02,  9.7471e-02,  4.9778e-02,  6.7453e-02,
          4.1876e-02,  6.8222e-02,  3.3059e-02,  4.5938e-02,  5.5381e-02,
          2.5018e-02,  1.4830e-02, -3.7232e-03,  7.9156e-03,  9.6016e-03],
        [ 1.5907e-01,  1.4205e-01,  7.1132e-02,  1.7407e-01,  5.8578e-02,
          8.8250e-02,  6.5121e-02,  1.2377e-01,  7.7977e-02,  5.5551e-02,
          3.8461e-02,  7.4883e-02,  9.7646e-02,  4.5120e-02,  6.3041e-02,
          3.6327e-02,  6.0189e-02,  1.8464e-02,  3.9001e-02,  5.0167e-02,
          1.5467e-02,  5.8124e-03, -2.0146e-02, -4.7322e-03, -3.9644e-03],
        [ 1.3024e-01,  1.1211e-01,  8.4034e-02,  1.1571e-01,  1.0492e-01,
          8.6554e-02,  7.9223e-02,  1.1467e-01,  9.4169e-02,  6.1448e-02,
          5.6491e-02,  7.9835e-02,  9.4767e-02,  5.2196e-02,  7.0601e-02,
          4.5612e-02,  7.3319e-02,  3.3214e-02,  4.5122e-02,  5.7768e-02,
          2.4716e-02,  1.4220e-02, -5.9816e-03,  7.3740e-03,  3.6004e-03],
        [ 1.1890e-01,  8.2648e-02,  5.0013e-02,  1.0063e-01,  4.2243e-02,
          1.2738e-01,  4.9570e-02,  9.6426e-02,  7.8865e-02,  6.7471e-02,
          3.5230e-02,  9.1428e-02,  1.1341e-01,  5.3582e-02,  6.8351e-02,
          4.0597e-02,  6.3160e-02,  3.0281e-02,  4.7617e-02,  6.3018e-02,
          2.9886e-02,  1.7554e-02, -5.3365e-03, -1.8562e-03, -2.5011e-03],
        [ 1.0587e-01,  8.6177e-02,  5.7369e-02,  1.0385e-01,  6.0331e-02,
          7.4772e-02,  9.2378e-02,  1.1402e-01,  9.3381e-02,  7.0148e-02,
          5.8200e-02,  7.8238e-02,  1.0260e-01,  5.4140e-02,  7.5546e-02,
          5.2536e-02,  7.4516e-02,  3.2463e-02,  5.1947e-02,  6.0801e-02,
          2.6834e-02,  1.7474e-02, -5.0435e-03,  2.3440e-03,  2.0033e-03],
        [ 1.0045e-01,  8.6756e-02,  2.8320e-02,  9.8038e-02,  3.2754e-02,
          5.8509e-02,  5.1249e-02,  1.8548e-01,  7.1496e-02,  5.4542e-02,
          3.3544e-02,  7.9264e-02,  1.0701e-01,  5.5024e-02,  8.0174e-02,
          5.8092e-02,  7.9672e-02,  1.5244e-02,  3.6893e-02,  6.6271e-02,
          1.7677e-02,  7.7187e-03, -1.4235e-02, -8.7562e-03, -1.6959e-02],
        [ 9.2974e-02,  6.1582e-02,  3.4384e-02,  7.8799e-02,  3.8010e-02,
          6.8872e-02,  5.7063e-02,  9.7734e-02,  1.0886e-01,  6.5750e-02,
          4.4715e-02,  7.7488e-02,  9.7360e-02,  4.6400e-02,  6.9416e-02,
          4.5703e-02,  6.7267e-02,  2.8670e-02,  4.3518e-02,  5.4751e-02,
          2.2671e-02,  1.1942e-02, -3.2499e-03, -4.9144e-03, -9.2444e-03],
        [ 7.4046e-02,  4.8141e-02,  1.6963e-02,  6.7463e-02,  1.4670e-02,
          6.6620e-02,  4.2033e-02,  9.1263e-02,  7.5804e-02,  9.7834e-02,
          4.5272e-02,  8.1498e-02,  1.1306e-01,  5.9025e-02,  8.4613e-02,
          6.1056e-02,  7.9735e-02,  3.5444e-02,  6.0388e-02,  6.9249e-02,
          3.3186e-02,  2.5529e-02,  4.6908e-03, -3.6032e-03, -5.5250e-03],
        [ 6.9920e-02,  5.6256e-02,  2.2974e-02,  6.9139e-02,  2.9426e-02,
          5.2741e-02,  4.9764e-02,  8.9084e-02,  7.3230e-02,  6.5212e-02,
          8.4663e-02,  8.7239e-02,  1.0904e-01,  6.6787e-02,  9.3094e-02,
          6.7129e-02,  9.0708e-02,  5.1362e-02,  6.9339e-02,  7.6398e-02,
          4.2042e-02,  2.8157e-02,  3.3656e-03,  6.5710e-03,  4.4057e-03],
        [ 6.3153e-02,  4.2507e-02,  3.6427e-04,  5.4658e-02,  1.6860e-03,
          5.8686e-02,  1.9807e-02,  8.5830e-02,  5.6980e-02,  5.0274e-02,
          3.5822e-02,  1.4110e-01,  1.4940e-01,  8.4942e-02,  9.8916e-02,
          6.8434e-02,  8.7686e-02,  5.3452e-02,  6.3399e-02,  9.4377e-02,
          5.2659e-02,  3.6714e-02,  4.7558e-03,  1.4158e-02,  7.0054e-03],
        [ 5.9845e-02,  3.8454e-02, -3.7369e-03,  5.3661e-02, -6.3577e-03,
          5.5369e-02,  1.9141e-02,  8.6478e-02,  5.1632e-02,  5.5973e-02,
          3.3856e-02,  1.2339e-01,  1.7300e-01,  8.4515e-02,  1.0441e-01,
          7.6771e-02,  9.0921e-02,  4.8733e-02,  7.1518e-02,  1.0384e-01,
          5.5478e-02,  4.4497e-02,  1.2577e-02,  1.7405e-02,  1.3376e-02],
        [ 5.9621e-02,  4.2567e-02,  3.7429e-03,  5.5758e-02,  4.9094e-03,
          5.2882e-02,  2.5498e-02,  9.0666e-02,  5.6621e-02,  5.7301e-02,
          4.6517e-02,  1.1558e-01,  1.4177e-01,  1.2680e-01,  1.1768e-01,
          8.4492e-02,  1.1121e-01,  6.7742e-02,  8.4582e-02,  1.0645e-01,
          6.5111e-02,  5.0835e-02,  1.8821e-02,  2.5708e-02,  2.2428e-02],
        [ 3.2002e-02,  1.6877e-02, -2.5060e-02,  2.7067e-02, -2.2148e-02,
          2.1839e-02,  3.4623e-04,  6.9184e-02,  3.2890e-02,  3.7679e-02,
          2.6833e-02,  8.3416e-02,  1.1519e-01,  7.1110e-02,  1.4290e-01,
          1.0778e-01,  1.2528e-01,  7.1043e-02,  9.1521e-02,  1.1762e-01,
          7.2780e-02,  6.0268e-02,  3.0551e-02,  2.8779e-02,  2.1495e-02],
        [ 2.0263e-02,  5.3492e-03, -3.8456e-02,  1.3500e-02, -3.5814e-02,
          4.8965e-03, -1.1181e-02,  5.8785e-02,  1.9783e-02,  2.4128e-02,
          1.1794e-02,  6.2882e-02,  9.8785e-02,  4.9795e-02,  1.1823e-01,
          1.3521e-01,  1.2720e-01,  5.4296e-02,  8.9208e-02,  1.2569e-01,
          7.7771e-02,  6.8841e-02,  4.6455e-02,  3.8988e-02,  2.3899e-02],
        [ 2.3941e-02,  1.0047e-02, -3.2793e-02,  1.5094e-02, -2.7962e-02,
          8.4192e-03, -9.3444e-03,  6.2469e-02,  2.3410e-02,  2.5514e-02,
          1.5073e-02,  6.3719e-02,  9.3428e-02,  5.6512e-02,  1.1747e-01,
          1.0872e-01,  1.5404e-01,  6.8393e-02,  8.4912e-02,  1.2016e-01,
          7.3358e-02,  6.5188e-02,  4.2741e-02,  3.7740e-02,  1.7520e-02],
        [ 3.1763e-02,  1.2898e-02, -2.0640e-02,  2.2804e-02, -1.9824e-02,
          2.1499e-02, -2.3798e-03,  4.5304e-02,  3.1540e-02,  2.7380e-02,
          2.4843e-02,  7.6281e-02,  9.7853e-02,  6.0337e-02,  1.0981e-01,
          8.4133e-02,  1.1452e-01,  1.3055e-01,  1.0661e-01,  1.1412e-01,
          1.0341e-01,  8.6383e-02,  5.7902e-02,  6.6381e-02,  6.1305e-02],
        [ 2.9885e-02,  1.2982e-02, -2.4167e-02,  2.6342e-02, -2.4644e-02,
          2.0447e-02, -8.7018e-04,  4.6603e-02,  2.9056e-02,  3.5282e-02,
          2.4780e-02,  6.6985e-02,  1.0208e-01,  5.9271e-02,  1.1327e-01,
          1.0003e-01,  1.1434e-01,  8.7891e-02,  1.5280e-01,  1.3545e-01,
          1.0749e-01,  9.4643e-02,  6.2625e-02,  6.5113e-02,  7.1265e-02],
        [ 2.2325e-02,  2.2458e-03, -4.1196e-02,  1.1021e-02, -3.8116e-02,
          1.0947e-02, -1.7914e-02,  5.0814e-02,  1.2906e-02,  1.6270e-02,
          5.0056e-03,  7.1015e-02,  1.0881e-01,  5.5240e-02,  1.1189e-01,
          1.1054e-01,  1.2333e-01,  7.0311e-02,  1.0963e-01,  1.8329e-01,
          1.2538e-01,  1.1129e-01,  7.3622e-02,  8.4341e-02,  6.4902e-02],
        [ 2.5196e-02,  4.4628e-03, -3.4023e-02,  1.3520e-02, -3.1497e-02,
          1.5670e-02, -1.3769e-02,  3.9686e-02,  2.0018e-02,  1.8288e-02,
          1.0180e-02,  6.8849e-02,  9.9892e-02,  5.2051e-02,  1.0542e-01,
          1.0058e-01,  1.1431e-01,  9.8538e-02,  1.2079e-01,  1.6185e-01,
          1.6405e-01,  1.3582e-01,  9.7919e-02,  1.1476e-01,  9.6388e-02],
        [ 2.5920e-02,  2.5273e-03, -3.2097e-02,  1.4388e-02, -3.1593e-02,
          1.4324e-02, -1.0773e-02,  4.3651e-02,  2.0363e-02,  2.3459e-02,
          8.1162e-03,  6.4219e-02,  9.9357e-02,  4.9372e-02,  1.0495e-01,
          1.0514e-01,  1.1819e-01,  9.2600e-02,  1.1836e-01,  1.6161e-01,
          1.5137e-01,  1.8191e-01,  1.3623e-01,  1.4517e-01,  1.2814e-01],
        [ 2.8789e-02, -3.6519e-03, -3.4013e-02,  8.0960e-03, -3.2568e-02,
          9.0902e-03, -1.4277e-02,  3.9575e-02,  2.3939e-02,  2.0361e-02,
          1.5661e-03,  5.0646e-02,  8.6904e-02,  3.6262e-02,  9.2975e-02,
          1.0151e-01,  1.1310e-01,  8.1543e-02,  1.0532e-01,  1.3921e-01,
          1.2735e-01,  1.4997e-01,  1.8654e-01,  1.4257e-01,  1.2909e-01],
        [ 4.6770e-02,  2.2492e-02, -1.3806e-02,  3.0819e-02, -1.1281e-02,
          2.1567e-02,  1.1863e-03,  5.2956e-02,  3.0970e-02,  2.0613e-02,
          1.2458e-02,  6.8177e-02,  9.9208e-02,  5.1694e-02,  1.0102e-01,
          1.0053e-01,  1.1768e-01,  9.8068e-02,  1.1416e-01,  1.5779e-01,
          1.5244e-01,  1.6869e-01,  1.5158e-01,  2.1896e-01,  1.8177e-01],
        [ 4.5208e-02,  1.6422e-02, -1.1135e-02,  3.1733e-02, -1.6981e-02,
          2.1213e-02,  6.5551e-04,  4.5163e-02,  2.8947e-02,  2.1305e-02,
          9.9525e-03,  6.3664e-02,  9.7290e-02,  4.8885e-02,  9.6707e-02,
          8.8630e-02,  1.0043e-01,  9.4663e-02,  1.2304e-01,  1.4237e-01,
          1.3788e-01,  1.5691e-01,  1.4051e-01,  1.8497e-01,  2.3215e-01]],
       device='cuda:0')
Mon 24 Nov 2025 22:07:01 INFO  Mean influence score: [0.13096629083156586, 0.13984082639217377, 0.13850709795951843, 0.13713683187961578, 0.1364310085773468, 0.12974554300308228, 0.1393740475177765, 0.13491611182689667, 0.133295938372612, 0.13043519854545593, 0.13417159020900726, 0.13016900420188904, 0.1332620531320572, 0.13918271660804749, 0.13020801544189453, 0.12593160569667816, 0.12632164359092712, 0.12857867777347565, 0.1294938623905182, 0.12911473214626312, 0.129311665892601, 0.13291694223880768, 0.1313537210226059, 0.1368400603532791, 0.13123147189617157]
Mon 24 Nov 2025 22:07:01 INFO  Stage 1 selected prob: [0.039928413927555084, 0.04028433561325073, 0.0402306467294693, 0.040175553411245346, 0.04014721140265465, 0.0398796983063221, 0.040265537798404694, 0.04008643329143524, 0.040021542459726334, 0.03990721330046654, 0.04005660489201546, 0.039896588772535324, 0.040020182728767395, 0.040257833898067474, 0.03989814594388008, 0.039727892726659775, 0.039743393659591675, 0.0398331955075264, 0.03986966609954834, 0.03985455259680748, 0.03986240550875664, 0.040006376802921295, 0.0399438850581646, 0.04016363248229027, 0.03993900492787361]
Mon 24 Nov 2025 22:07:34 INFO  [Epoch 81] Train Loss: 1.9492223887088336
Mon 24 Nov 2025 22:08:08 INFO  [Epoch 82] Train Loss: 1.9460155963897705
Mon 24 Nov 2025 22:08:43 INFO  [Epoch 83] Train Loss: 1.9436772063408156
Mon 24 Nov 2025 22:09:16 INFO  [Epoch 84] Train Loss: 1.9463207186210236
Mon 24 Nov 2025 22:09:49 INFO  [Epoch 85] Train Loss: 1.941864422158786
Mon 24 Nov 2025 22:10:23 INFO  [Epoch 86] Train Loss: 1.9402062330504304
Mon 24 Nov 2025 22:10:56 INFO  [Epoch 87] Train Loss: 1.9367220576675965
Mon 24 Nov 2025 22:11:30 INFO  [Epoch 88] Train Loss: 1.9374388510163696
Mon 24 Nov 2025 22:12:03 INFO  [Epoch 89] Train Loss: 1.9356903736532138
Mon 24 Nov 2025 22:12:35 INFO  [Epoch 90] Train Loss: 1.9377199327972618
Mon 24 Nov 2025 22:12:35 INFO  [Epoch 90] Saved model checkpoint to ckpt/Musical_Instruments/Nov-24-2025_20-48-c30334/Nov-24-2025_20-48-c30334_90.pth
Mon 24 Nov 2025 22:13:07 INFO  [Epoch 91] Train Loss: 1.9304865221944942
Mon 24 Nov 2025 22:13:40 INFO  [Epoch 92] Train Loss: 1.930464051647057
Mon 24 Nov 2025 22:14:13 INFO  [Epoch 93] Train Loss: 1.9333950071248729
Mon 24 Nov 2025 22:14:46 INFO  [Epoch 94] Train Loss: 1.9274265564322202
Mon 24 Nov 2025 22:15:20 INFO  [Epoch 95] Train Loss: 1.9258597572554854
Mon 24 Nov 2025 22:15:53 INFO  [Epoch 96] Train Loss: 1.9223965449473122
Mon 24 Nov 2025 22:16:26 INFO  [Epoch 97] Train Loss: 1.9236034859922078
Mon 24 Nov 2025 22:16:59 INFO  [Epoch 98] Train Loss: 1.9204555435051498
Mon 24 Nov 2025 22:17:34 INFO  [Epoch 99] Train Loss: 1.9184325737016734
Mon 24 Nov 2025 22:18:09 INFO  [Epoch 100] Train Loss: 1.916780973126603
Mon 24 Nov 2025 22:18:09 INFO  [Epoch 100] Saved model checkpoint to ckpt/Musical_Instruments/Nov-24-2025_20-48-c30334/Nov-24-2025_20-48-c30334_100.pth
Mon 24 Nov 2025 22:18:09 INFO  Best epoch: 0, Best val score: -1
Mon 24 Nov 2025 22:18:09 INFO  [Epoch 101] Saved model checkpoint to ckpt/Musical_Instruments/Nov-24-2025_20-48-c30334/Nov-24-2025_20-48-c30334.pth
Mon 24 Nov 2025 22:18:09 INFO  Validation scores for all tokenizers: [0 0 0 0 0 0 0 0 0 0 0 0 0 0 0 0 0 0 0 0 0 0 0 0 0]
Mon 24 Nov 2025 22:34:45 INFO  Influence scores: tensor([[ 1.1251e-01,  1.0805e-01,  4.1029e-02,  7.4191e-02,  2.0695e-02,
          1.9511e-02, -8.7622e-03,  1.8080e-02,  6.2339e-03,  1.1029e-03,
         -1.2055e-02, -1.2558e-02, -1.5469e-02, -9.2513e-03, -2.9578e-02,
         -4.1658e-02, -4.1843e-02, -3.6574e-02, -5.9152e-02, -2.8426e-02,
         -4.2836e-02, -4.1660e-02, -4.9363e-02, -6.8929e-02, -1.0454e-01],
        [ 6.7049e-02,  1.4440e-01,  2.8848e-02,  7.6737e-02,  2.2060e-02,
          1.0624e-03, -9.4593e-03,  2.3302e-02, -6.4450e-03, -6.3173e-03,
         -4.6423e-03, -1.2335e-02, -1.6724e-02, -5.5803e-03, -2.4665e-02,
         -3.3948e-02, -3.2214e-02, -3.3655e-02, -5.5356e-02, -2.5921e-02,
         -4.4005e-02, -4.2813e-02, -6.1860e-02, -7.1791e-02, -1.1158e-01],
        [ 2.2686e-02,  5.1790e-02,  6.6256e-02,  3.5426e-02,  3.4979e-02,
          8.5008e-03,  2.7415e-03,  2.8321e-03,  7.2436e-03,  2.2508e-03,
          1.1927e-03, -1.8473e-02, -2.1321e-02, -6.3259e-03, -2.6709e-02,
         -4.0593e-02, -3.7918e-02, -2.9372e-02, -5.2765e-02, -3.2577e-02,
         -4.5889e-02, -4.1639e-02, -5.4879e-02, -7.0762e-02, -1.0214e-01],
        [ 4.8337e-02,  9.1779e-02,  2.8215e-02,  1.0275e-01,  1.5860e-02,
          1.1490e-02, -3.8820e-05,  2.6071e-02,  2.9750e-03,  5.0188e-03,
         -2.1382e-04, -1.0242e-02, -1.1227e-02, -1.0119e-03, -2.4351e-02,
         -3.8667e-02, -4.0009e-02, -3.6164e-02, -5.1843e-02, -2.9665e-02,
         -4.6573e-02, -4.3628e-02, -6.3154e-02, -7.5908e-02, -1.0962e-01],
        [-3.0038e-03,  3.6685e-02,  2.8793e-02,  1.6195e-02,  5.2921e-02,
         -5.1780e-03, -6.5910e-04,  2.4429e-04,  5.5909e-03, -6.0682e-03,
          1.7679e-03, -2.3049e-02, -2.9766e-02, -1.0190e-02, -2.9609e-02,
         -4.2035e-02, -3.7751e-02, -3.1988e-02, -5.9907e-02, -3.4278e-02,
         -4.8664e-02, -4.5982e-02, -5.9490e-02, -7.4451e-02, -1.1413e-01],
        [-4.4424e-03,  1.8241e-02,  4.4724e-03,  1.3148e-02, -4.8125e-03,
          5.2899e-02, -2.0733e-02, -6.9330e-03,  2.1511e-03,  1.5869e-02,
         -7.3330e-03,  6.2900e-03,  4.5877e-03,  8.0372e-03, -1.8424e-02,
         -3.4714e-02, -3.5646e-02, -2.4736e-02, -4.3565e-02, -1.7578e-02,
         -3.1485e-02, -3.1445e-02, -4.8906e-02, -7.1054e-02, -1.0545e-01],
        [-2.4351e-02,  1.3651e-02,  4.8648e-03,  8.5140e-03,  6.7099e-03,
         -1.2771e-02,  2.0283e-02,  6.1246e-03,  1.0145e-02,  1.0524e-02,
          1.0780e-02, -1.6255e-02, -1.5369e-02, -1.5008e-03, -1.8486e-02,
         -2.8134e-02, -2.9637e-02, -2.8058e-02, -4.5978e-02, -2.5138e-02,
         -4.1950e-02, -3.6874e-02, -5.3353e-02, -7.3791e-02, -1.0922e-01],
        [-1.6593e-02,  2.8243e-02, -1.3842e-02,  1.4613e-02, -1.1959e-02,
         -1.9638e-02, -1.3441e-02,  9.8225e-02, -1.8813e-03,  7.3200e-03,
         -1.8797e-03, -3.8912e-03,  9.1747e-05,  1.2082e-02, -3.8443e-03,
         -1.2757e-02, -1.4440e-02, -3.6506e-02, -5.1077e-02, -8.7797e-03,
         -4.1532e-02, -3.5796e-02, -5.3454e-02, -7.5022e-02, -1.1701e-01],
        [-2.2739e-02,  4.2347e-03, -2.4636e-03, -1.6049e-03,  7.3303e-04,
         -2.4874e-03, -2.6811e-03,  4.7613e-03,  4.5132e-02,  2.3946e-02,
          1.2769e-02,  1.4222e-04, -3.2572e-03,  8.6485e-03, -7.6475e-03,
         -1.9096e-02, -2.0360e-02, -1.5303e-02, -3.8380e-02, -1.6790e-02,
         -2.8452e-02, -2.7410e-02, -3.7120e-02, -6.5982e-02, -1.0434e-01],
        [-5.0120e-02, -1.8792e-02, -3.0105e-02, -2.3647e-02, -3.3759e-02,
         -1.3150e-02, -2.5582e-02, -1.0593e-02,  3.6553e-04,  5.0191e-02,
          7.6118e-03, -1.7532e-03,  6.7367e-03,  1.6034e-02,  2.1226e-03,
         -9.0909e-03, -1.3650e-02, -1.4424e-02, -2.6678e-02, -6.2724e-03,
         -2.3024e-02, -1.7703e-02, -3.3461e-02, -6.6971e-02, -1.0338e-01],
        [-6.5411e-02, -1.9776e-02, -3.4422e-02, -3.1284e-02, -2.7777e-02,
         -3.7579e-02, -2.7287e-02, -2.1196e-02, -1.2251e-02,  5.6098e-03,
          4.1953e-02, -5.9504e-03, -6.9669e-03,  1.3570e-02,  2.7283e-03,
         -1.0936e-02, -9.2569e-03, -5.4744e-03, -2.5797e-02, -7.7303e-03,
         -2.2285e-02, -2.2276e-02, -4.3175e-02, -6.5508e-02, -1.0297e-01],
        [-7.3731e-02, -3.4662e-02, -6.0194e-02, -4.7591e-02, -5.9485e-02,
         -3.1968e-02, -6.1169e-02, -2.9221e-02, -3.1791e-02, -9.9791e-03,
         -1.3553e-02,  4.9979e-02,  3.2416e-02,  3.1282e-02,  4.1428e-03,
         -1.4583e-02, -1.7936e-02, -8.1689e-03, -3.6268e-02,  5.7582e-03,
         -1.4393e-02, -1.8748e-02, -4.7703e-02, -6.2371e-02, -1.0286e-01],
        [-7.2704e-02, -3.4230e-02, -5.7790e-02, -4.4382e-02, -6.2706e-02,
         -3.0152e-02, -5.6408e-02, -2.1740e-02, -3.1852e-02,  2.5368e-03,
         -9.4002e-03,  3.6039e-02,  6.4532e-02,  3.8772e-02,  1.6208e-02,
          1.3836e-03, -7.3465e-03, -7.2057e-03, -1.9795e-02,  2.3320e-02,
         -4.3377e-03, -4.0254e-03, -3.1455e-02, -5.1337e-02, -8.8845e-02],
        [-8.0954e-02, -3.8374e-02, -5.9972e-02, -5.0082e-02, -5.8789e-02,
         -4.1726e-02, -5.8386e-02, -2.6774e-02, -3.4291e-02, -5.6358e-03,
         -4.5289e-03,  1.8262e-02,  2.1620e-02,  7.3391e-02,  2.2207e-02,
          1.6123e-03,  6.5906e-03,  7.7827e-03, -1.2809e-02,  1.8720e-02,
         -2.6751e-03, -3.5855e-03, -3.2373e-02, -5.0466e-02, -8.6628e-02],
        [-1.0097e-01, -5.6754e-02, -7.9966e-02, -7.1585e-02, -7.8174e-02,
         -6.6615e-02, -7.5045e-02, -4.1119e-02, -5.0444e-02, -1.8136e-02,
         -1.6460e-02, -6.2982e-03,  1.9559e-03,  2.4094e-02,  6.0351e-02,
          3.5393e-02,  2.9916e-02,  1.9242e-02,  2.5004e-03,  3.9784e-02,
          1.3461e-02,  1.3605e-02, -1.2595e-02, -3.8119e-02, -7.8822e-02],
        [-1.1138e-01, -6.4964e-02, -9.1588e-02, -8.5170e-02, -8.8537e-02,
         -8.2369e-02, -8.4419e-02, -4.9497e-02, -6.1247e-02, -2.9515e-02,
         -2.8735e-02, -2.3985e-02, -1.2129e-02,  5.1387e-03,  3.6584e-02,
          7.2331e-02,  3.8771e-02,  8.5320e-03,  3.3837e-03,  5.4720e-02,
          2.4155e-02,  2.8938e-02,  1.1306e-02, -2.3033e-02, -7.3925e-02],
        [-1.1104e-01, -6.3394e-02, -8.8677e-02, -8.6635e-02, -8.2488e-02,
         -8.2521e-02, -8.4222e-02, -5.0629e-02, -6.1974e-02, -3.3276e-02,
         -2.8348e-02, -2.8159e-02, -2.2599e-02,  8.3684e-03,  3.2319e-02,
          3.9501e-02,  6.6688e-02,  2.0114e-02, -3.8419e-03,  4.6076e-02,
          1.7537e-02,  2.3750e-02,  5.0974e-03, -2.3828e-02, -8.1354e-02],
        [-1.1612e-01, -7.3587e-02, -8.8181e-02, -9.2887e-02, -8.5441e-02,
         -7.9853e-02, -9.1599e-02, -8.1527e-02, -6.7011e-02, -4.3916e-02,
         -3.4244e-02, -3.0472e-02, -3.3116e-02, -8.6150e-04,  1.0930e-02,
         -2.7779e-03,  9.7857e-03,  7.3555e-02,  4.7487e-03,  2.4059e-02,
          3.6420e-02,  3.1410e-02,  8.1820e-03, -8.0210e-03, -4.7590e-02],
        [-1.1000e-01, -6.7521e-02, -8.4860e-02, -8.0362e-02, -8.6102e-02,
         -7.3781e-02, -8.2127e-02, -6.8085e-02, -6.2697e-02, -2.7997e-02,
         -2.3813e-02, -2.7754e-02, -1.6099e-02,  7.2245e-03,  2.1985e-02,
          2.2564e-02,  1.7142e-02,  3.5959e-02,  6.5201e-02,  5.7116e-02,
          4.9298e-02,  4.8978e-02,  2.1956e-02, -1.0499e-03, -3.0384e-02],
        [-1.1656e-01, -7.5488e-02, -9.9379e-02, -9.4072e-02, -9.6729e-02,
         -8.2370e-02, -9.7220e-02, -6.4091e-02, -7.6077e-02, -4.4719e-02,
         -4.2686e-02, -2.2091e-02, -8.4116e-03,  3.5772e-03,  2.3639e-02,
          3.6660e-02,  2.8041e-02,  1.9287e-02,  2.0975e-02,  1.1079e-01,
          7.0366e-02,  7.1273e-02,  3.6432e-02,  2.1475e-02, -3.5151e-02],
        [-1.1608e-01, -7.6918e-02, -9.6302e-02, -9.4489e-02, -9.4868e-02,
         -7.9953e-02, -9.6799e-02, -7.8225e-02, -7.2667e-02, -4.5920e-02,
         -4.1840e-02, -2.7173e-02, -2.0345e-02, -2.3348e-03,  1.3258e-02,
          2.2271e-02,  1.5040e-02,  4.5552e-02,  2.8332e-02,  8.4306e-02,
          1.0894e-01,  9.2254e-02,  5.6414e-02,  4.8190e-02, -6.4729e-03],
        [-1.2163e-01, -8.3716e-02, -9.9828e-02, -9.9816e-02, -9.9541e-02,
         -8.8302e-02, -9.9770e-02, -7.9863e-02, -7.8050e-02, -4.6925e-02,
         -4.9893e-02, -3.9398e-02, -2.7709e-02, -1.0335e-02,  6.6116e-03,
          2.1233e-02,  1.6147e-02,  3.3718e-02,  2.1346e-02,  7.9600e-02,
          8.6470e-02,  1.3605e-01,  9.1580e-02,  7.6873e-02,  2.3086e-02],
        [-1.1168e-01, -8.5236e-02, -9.5419e-02, -1.0148e-01, -9.4547e-02,
         -8.5504e-02, -9.6616e-02, -7.9153e-02, -6.8199e-02, -4.3652e-02,
         -5.1452e-02, -4.8392e-02, -3.6005e-02, -1.9609e-02,  9.0432e-04,
          2.3688e-02,  1.6539e-02,  2.9756e-02,  1.2327e-02,  6.3841e-02,
          6.8626e-02,  1.0874e-01,  1.5814e-01,  8.0938e-02,  3.1968e-02],
        [-1.1273e-01, -7.5433e-02, -9.2842e-02, -9.5458e-02, -8.9566e-02,
         -8.8764e-02, -9.7259e-02, -8.0946e-02, -7.8757e-02, -5.8066e-02,
         -5.3873e-02, -4.3960e-02, -3.7323e-02, -1.8215e-02, -5.9472e-03,
          7.1953e-03,  6.5570e-03,  3.3001e-02,  7.8378e-03,  6.8122e-02,
          8.0679e-02,  1.1350e-01,  1.0237e-01,  1.4374e-01,  6.9641e-02],
        [-1.1442e-01, -8.1803e-02, -9.1981e-02, -9.4856e-02, -9.5376e-02,
         -8.7770e-02, -9.9051e-02, -8.8570e-02, -8.2024e-02, -5.7848e-02,
         -5.6492e-02, -4.9630e-02, -3.9499e-02, -2.1326e-02, -1.1335e-02,
         -7.8348e-03, -1.4270e-02,  2.9305e-02,  1.5487e-02,  4.8442e-02,
          6.1254e-02,  9.6637e-02,  8.9207e-02,  1.0507e-01,  1.2716e-01]],
       device='cuda:0')
Mon 24 Nov 2025 22:34:45 INFO  Mean influence score: [0.09496737271547318, 0.1011854037642479, 0.09906171262264252, 0.09903697669506073, 0.09577745199203491, 0.0921950489282608, 0.09842169284820557, 0.09611772000789642, 0.09550775587558746, 0.09211023151874542, 0.09381887316703796, 0.0896994099020958, 0.09406182914972305, 0.09819095581769943, 0.09078476577997208, 0.086830273270607, 0.08663355559110641, 0.08722281455993652, 0.09083139151334763, 0.09037107229232788, 0.0913114994764328, 0.09402208030223846, 0.09297334402799606, 0.09729781746864319, 0.09184642881155014]
Mon 24 Nov 2025 22:34:45 INFO  Stage 2 selected prob: [0.04005398601293564, 0.04030381515622139, 0.04021831601858139, 0.0402173213660717, 0.04008644446730614, 0.03994309529662132, 0.040192581713199615, 0.040100082755088806, 0.04007563367486, 0.03993970528244972, 0.04000800848007202, 0.03984353691339493, 0.04001773148775101, 0.040183305740356445, 0.039886802434921265, 0.03972938284277916, 0.039721567183732986, 0.03974498063325882, 0.0398886613547802, 0.03987030312418938, 0.03990782052278519, 0.040016140788793564, 0.03997419402003288, 0.040147434920072556, 0.03992917388677597]
Mon 24 Nov 2025 22:35:19 INFO  [Epoch 101] Train Loss: 1.9134351052764307
Mon 24 Nov 2025 22:35:52 INFO  [Epoch 102] Train Loss: 1.9129241653812659
Mon 24 Nov 2025 22:36:24 INFO  [Epoch 103] Train Loss: 1.909489755167649
Mon 24 Nov 2025 22:36:55 INFO  [Epoch 104] Train Loss: 1.907776480334607
Mon 24 Nov 2025 22:37:26 INFO  [Epoch 105] Train Loss: 1.9054223331317945
Mon 24 Nov 2025 22:37:58 INFO  [Epoch 106] Train Loss: 1.9051312625273624
Mon 24 Nov 2025 22:38:30 INFO  [Epoch 107] Train Loss: 1.90225504429561
Mon 24 Nov 2025 22:39:03 INFO  [Epoch 108] Train Loss: 1.8970714272010407
Mon 24 Nov 2025 22:39:37 INFO  [Epoch 109] Train Loss: 1.9000676843436524
Mon 24 Nov 2025 22:40:11 INFO  [Epoch 110] Train Loss: 1.8972677433732938
Mon 24 Nov 2025 22:40:11 INFO  [Epoch 110] Saved model checkpoint to ckpt/Musical_Instruments/Nov-24-2025_20-48-c30334/Nov-24-2025_20-48-c30334_110.pth
Mon 24 Nov 2025 22:40:45 INFO  [Epoch 111] Train Loss: 1.8948458944432622
Mon 24 Nov 2025 22:41:18 INFO  [Epoch 112] Train Loss: 1.8912466837105848
Mon 24 Nov 2025 22:41:52 INFO  [Epoch 113] Train Loss: 1.8896242337086937
Mon 24 Nov 2025 22:42:25 INFO  [Epoch 114] Train Loss: 1.885844104984275
Mon 24 Nov 2025 22:42:59 INFO  [Epoch 115] Train Loss: 1.8853973518914078
Mon 24 Nov 2025 22:43:33 INFO  [Epoch 116] Train Loss: 1.8796453841921976
Mon 24 Nov 2025 22:44:06 INFO  [Epoch 117] Train Loss: 1.8804952094571046
Mon 24 Nov 2025 22:44:40 INFO  [Epoch 118] Train Loss: 1.8793393265851195
Mon 24 Nov 2025 22:45:14 INFO  [Epoch 119] Train Loss: 1.8762189836049994
Mon 24 Nov 2025 22:45:48 INFO  [Epoch 120] Train Loss: 1.8764592228839951
Mon 24 Nov 2025 22:45:48 INFO  [Epoch 120] Saved model checkpoint to ckpt/Musical_Instruments/Nov-24-2025_20-48-c30334/Nov-24-2025_20-48-c30334_120.pth
Mon 24 Nov 2025 22:45:48 INFO  Best epoch: 0, Best val score: -1
Mon 24 Nov 2025 22:45:48 INFO  [Epoch 121] Saved model checkpoint to ckpt/Musical_Instruments/Nov-24-2025_20-48-c30334/Nov-24-2025_20-48-c30334.pth
Mon 24 Nov 2025 22:45:48 INFO  Validation scores for all tokenizers: [0 0 0 0 0 0 0 0 0 0 0 0 0 0 0 0 0 0 0 0 0 0 0 0 0]
Mon 24 Nov 2025 23:02:13 INFO  Influence scores: tensor([[ 1.8312e-01,  1.0676e-01,  1.0863e-01,  8.4614e-02,  5.1369e-02,
          3.2703e-02,  5.0399e-02,  4.1548e-02,  1.5479e-02,  1.2060e-02,
         -1.6620e-02, -5.6889e-02, -3.1808e-02, -6.3140e-02, -4.1108e-02,
         -5.5401e-02, -4.7415e-02, -7.3508e-02, -6.7948e-02, -6.4947e-02,
         -8.6932e-02, -3.9726e-02, -4.9745e-02, -7.4443e-02, -7.3300e-02],
        [ 1.3953e-01,  1.5975e-01,  1.0616e-01,  9.8297e-02,  6.3728e-02,
          2.0490e-02,  6.0729e-02,  6.1153e-02,  1.1382e-02,  1.1745e-02,
          4.2290e-03, -4.8967e-02, -2.5367e-02, -4.9786e-02, -2.5167e-02,
         -3.9974e-02, -2.8087e-02, -6.3208e-02, -5.4296e-02, -5.5892e-02,
         -8.0427e-02, -3.4051e-02, -5.7051e-02, -6.9720e-02, -7.3322e-02],
        [ 1.0345e-01,  6.7319e-02,  1.4970e-01,  6.5408e-02,  7.9563e-02,
          3.3769e-02,  7.9256e-02,  4.3349e-02,  3.1284e-02,  2.8952e-02,
          1.4369e-02, -4.9430e-02, -2.4355e-02, -4.5112e-02, -2.4195e-02,
         -4.1872e-02, -3.0120e-02, -5.2089e-02, -4.7525e-02, -5.7374e-02,
         -7.6210e-02, -2.5683e-02, -4.3802e-02, -6.4450e-02, -5.7133e-02],
        [ 1.0918e-01,  8.9912e-02,  9.7457e-02,  1.1858e-01,  4.8472e-02,
          2.5164e-02,  6.4734e-02,  5.4744e-02,  1.5301e-02,  1.9184e-02,
          5.0060e-04, -5.2721e-02, -2.6028e-02, -5.0303e-02, -3.0931e-02,
         -4.8995e-02, -4.0913e-02, -7.0205e-02, -5.4699e-02, -6.3543e-02,
         -8.6336e-02, -3.7971e-02, -6.2202e-02, -7.8676e-02, -7.2300e-02],
        [ 7.3356e-02,  4.9901e-02,  1.0560e-01,  4.4406e-02,  9.8987e-02,
          1.6816e-02,  7.4493e-02,  3.9507e-02,  2.8171e-02,  1.8740e-02,
          1.3984e-02, -5.4529e-02, -3.4948e-02, -5.0507e-02, -2.9098e-02,
         -4.5947e-02, -3.1074e-02, -5.8226e-02, -5.6600e-02, -6.2222e-02,
         -8.2554e-02, -3.4567e-02, -5.2855e-02, -7.1008e-02, -7.3064e-02],
        [ 6.8749e-02,  2.2194e-02,  7.4715e-02,  3.5198e-02,  3.0662e-02,
          7.9832e-02,  4.7364e-02,  2.5713e-02,  2.1106e-02,  3.8927e-02,
         -1.9957e-03, -2.5506e-02, -1.2158e-03, -3.3634e-02, -1.9541e-02,
         -4.1556e-02, -3.2955e-02, -5.0796e-02, -4.2003e-02, -4.5202e-02,
         -6.6762e-02, -2.1023e-02, -4.0625e-02, -6.9074e-02, -6.5029e-02],
        [ 4.7294e-02,  2.1732e-02,  7.6788e-02,  3.3672e-02,  4.6140e-02,
          6.0396e-03,  9.7002e-02,  4.5640e-02,  3.0940e-02,  3.4432e-02,
          2.3018e-02, -5.0375e-02, -2.0732e-02, -4.2494e-02, -1.7681e-02,
         -3.1412e-02, -2.3574e-02, -5.4845e-02, -4.1192e-02, -5.1455e-02,
         -7.4146e-02, -2.3502e-02, -4.2990e-02, -6.8516e-02, -6.4603e-02],
        [ 4.4595e-02,  2.8806e-02,  5.0178e-02,  3.1634e-02,  2.0371e-02,
         -7.2143e-03,  5.2032e-02,  1.5244e-01,  1.1332e-02,  2.3222e-02,
          2.4710e-03, -3.7504e-02, -5.5898e-03, -2.7402e-02,  4.3233e-04,
         -1.2731e-02, -4.9042e-03, -6.7382e-02, -5.2453e-02, -3.3572e-02,
         -7.9317e-02, -2.5524e-02, -4.7964e-02, -7.4484e-02, -7.8837e-02],
        [ 4.1644e-02,  9.8918e-04,  5.9867e-02,  1.2387e-02,  2.9699e-02,
          9.8784e-03,  6.2013e-02,  3.2187e-02,  6.2610e-02,  4.1126e-02,
          1.4913e-02, -3.9833e-02, -1.6823e-02, -3.8944e-02, -1.3539e-02,
         -2.9488e-02, -2.1813e-02, -4.7541e-02, -4.1185e-02, -5.0064e-02,
         -7.1057e-02, -2.1453e-02, -3.3158e-02, -6.9358e-02, -6.8088e-02],
        [ 1.6292e-02, -1.8162e-02,  3.5984e-02, -4.2552e-03, -2.2995e-03,
          7.5545e-03,  4.2251e-02,  2.3634e-02,  1.9734e-02,  7.9361e-02,
          1.7402e-02, -3.4384e-02,  2.6006e-03, -2.4125e-02,  4.5832e-03,
         -1.2550e-02, -8.8539e-03, -3.9718e-02, -2.1910e-02, -3.1609e-02,
         -5.7459e-02, -4.6905e-03, -2.2819e-02, -6.3278e-02, -6.1028e-02],
        [ 4.1703e-03, -1.1399e-02,  3.6171e-02, -6.5578e-03,  1.0811e-02,
         -1.7822e-02,  4.6098e-02,  1.7795e-02,  9.3617e-03,  3.2140e-02,
          6.3907e-02, -3.4247e-02, -7.6184e-03, -1.9711e-02,  1.2184e-02,
         -6.9727e-03,  3.0077e-03, -2.4029e-02, -1.2244e-02, -2.6824e-02,
         -4.9191e-02, -3.8176e-03, -2.8405e-02, -5.6007e-02, -5.5330e-02],
        [-2.7000e-03, -3.0927e-02,  8.8481e-03, -2.4991e-02, -2.4478e-02,
         -9.3444e-03,  7.2118e-03,  1.3781e-02, -1.1089e-02,  1.6586e-02,
          3.1993e-05,  3.8996e-02,  4.2954e-02,  4.6916e-03,  1.9819e-02,
         -3.6856e-03,  6.6819e-04, -2.3784e-02, -2.2802e-02, -3.1599e-03,
         -3.7875e-02,  4.0774e-03, -2.8277e-02, -4.9393e-02, -5.1497e-02],
        [-1.1439e-02, -4.0623e-02, -4.1642e-05, -3.3889e-02, -3.8246e-02,
         -1.7593e-02,  2.2881e-03,  1.0927e-02, -2.2841e-02,  1.8089e-02,
         -7.1739e-03,  9.3175e-03,  6.9705e-02,  1.4538e-03,  2.3280e-02,
          3.8035e-03,  2.2780e-03, -3.3473e-02, -1.4388e-02,  7.3285e-03,
         -3.7008e-02,  1.2024e-02, -1.8997e-02, -4.5919e-02, -4.4046e-02],
        [-1.6142e-02, -3.6744e-02,  5.2478e-03, -3.0817e-02, -2.6244e-02,
         -2.4021e-02,  7.0955e-03,  1.6036e-02, -1.8783e-02,  1.7751e-02,
          7.3470e-03, -2.6258e-03,  2.7341e-02,  5.2719e-02,  3.8299e-02,
          1.1695e-02,  2.5648e-02, -9.6855e-03, -5.5108e-04,  8.5346e-03,
         -2.8033e-02,  1.8515e-02, -1.6102e-02, -3.8635e-02, -3.7244e-02],
        [-3.9136e-02, -6.0014e-02, -2.2210e-02, -5.7088e-02, -5.0781e-02,
         -5.5352e-02, -1.3932e-02, -3.8280e-03, -4.0589e-02, -4.5096e-04,
         -8.6243e-03, -3.3302e-02,  3.8440e-03, -9.4544e-03,  7.8492e-02,
          4.6270e-02,  5.0574e-02,  1.3747e-03,  1.5926e-02,  3.0174e-02,
         -1.1516e-02,  3.6413e-02,  7.3871e-03, -2.6478e-02, -3.1000e-02],
        [-4.6197e-02, -6.7832e-02, -3.2836e-02, -6.7528e-02, -6.1675e-02,
         -7.0465e-02, -2.0859e-02, -8.9459e-03, -5.0516e-02, -1.1214e-02,
         -1.8680e-02, -5.0498e-02, -7.9230e-03, -2.7627e-02,  5.5137e-02,
          8.8351e-02,  6.0382e-02, -1.1066e-02,  1.8079e-02,  4.5419e-02,
         -9.4501e-05,  5.2791e-02,  3.3823e-02, -9.7402e-03, -2.4387e-02],
        [-4.1489e-02, -6.0556e-02, -2.5253e-02, -6.3536e-02, -5.1261e-02,
         -6.5695e-02, -1.7023e-02, -3.2047e-03, -4.6095e-02, -9.5374e-03,
         -1.1969e-02, -4.9567e-02, -1.4248e-02, -1.7321e-02,  5.6246e-02,
          5.8219e-02,  9.8294e-02,  8.1208e-03,  1.6414e-02,  4.2605e-02,
         -1.5920e-03,  5.3869e-02,  3.2361e-02, -5.7256e-03, -2.6143e-02],
        [-3.7831e-02, -6.2368e-02, -1.4192e-02, -6.2932e-02, -4.6104e-02,
         -5.2623e-02, -1.5693e-02, -3.4965e-02, -3.9719e-02, -9.4078e-03,
         -9.7752e-03, -4.2806e-02, -1.7765e-02, -2.0445e-02,  3.6832e-02,
          1.5820e-02,  3.9770e-02,  8.0078e-02,  3.6694e-02,  2.5575e-02,
          3.0806e-02,  7.1492e-02,  4.2290e-02,  2.2276e-02,  2.1622e-02],
        [-4.3696e-02, -6.7145e-02, -2.2356e-02, -6.0279e-02, -5.8554e-02,
         -5.6870e-02, -1.5094e-02, -3.4638e-02, -4.6703e-02, -4.8807e-03,
         -1.0833e-02, -5.7025e-02, -1.3061e-02, -2.6429e-02,  3.7482e-02,
          3.2606e-02,  3.3194e-02,  2.4407e-02,  9.2674e-02,  5.1297e-02,
          3.2698e-02,  8.0061e-02,  4.7957e-02,  1.8066e-02,  2.8669e-02],
        [-5.1720e-02, -7.9973e-02, -4.3046e-02, -7.7382e-02, -7.1847e-02,
         -7.0863e-02, -3.6735e-02, -2.5212e-02, -6.5896e-02, -2.5418e-02,
         -3.5313e-02, -4.6063e-02, -1.6553e-03, -2.7506e-02,  4.1125e-02,
          4.9011e-02,  4.9015e-02,  1.8864e-03,  3.9722e-02,  1.1324e-01,
          5.5486e-02,  1.0286e-01,  6.2779e-02,  4.0640e-02,  1.9373e-02],
        [-5.2014e-02, -8.3994e-02, -4.0800e-02, -8.1672e-02, -7.2334e-02,
         -7.0416e-02, -3.8742e-02, -5.0040e-02, -6.4451e-02, -2.9042e-02,
         -3.7594e-02, -5.8954e-02, -2.2697e-02, -4.2943e-02,  2.1669e-02,
          2.6234e-02,  2.7530e-02,  2.7970e-02,  4.4250e-02,  7.6833e-02,
          9.6565e-02,  1.2287e-01,  8.2209e-02,  6.9330e-02,  4.9940e-02],
        [-5.7987e-02, -8.9383e-02, -4.3252e-02, -8.3400e-02, -7.7876e-02,
         -7.7267e-02, -3.9673e-02, -4.9378e-02, -6.7924e-02, -2.9606e-02,
         -4.3917e-02, -7.0502e-02, -2.8012e-02, -4.8304e-02,  1.7277e-02,
          2.6867e-02,  3.0041e-02,  1.7949e-02,  3.9107e-02,  7.3312e-02,
          7.3384e-02,  1.7675e-01,  1.2542e-01,  1.0500e-01,  8.7919e-02],
        [-5.2379e-02, -9.7225e-02, -4.5242e-02, -9.0965e-02, -7.8449e-02,
         -8.0346e-02, -4.1770e-02, -5.4234e-02, -6.3243e-02, -3.1322e-02,
         -5.1666e-02, -8.5363e-02, -4.0739e-02, -6.4961e-02,  4.8041e-03,
          2.4823e-02,  2.5818e-02,  6.9128e-03,  2.3100e-02,  4.8735e-02,
          4.7368e-02,  1.3988e-01,  1.9541e-01,  1.0202e-01,  9.1195e-02],
        [-4.5591e-02, -7.8593e-02, -3.2169e-02, -7.5491e-02, -6.3705e-02,
         -7.6688e-02, -3.4955e-02, -4.9037e-02, -6.5613e-02, -3.9418e-02,
         -4.5885e-02, -7.1230e-02, -3.5457e-02, -5.5041e-02,  3.8651e-03,
          1.3922e-02,  2.1172e-02,  1.7649e-02,  2.5300e-02,  6.0455e-02,
          6.8526e-02,  1.5198e-01,  1.3428e-01,  1.8071e-01,  1.4036e-01],
        [-4.0603e-02, -7.5481e-02, -1.8964e-02, -6.5689e-02, -6.1055e-02,
         -6.6674e-02, -2.4973e-02, -4.8258e-02, -6.0025e-02, -3.0886e-02,
         -3.9937e-02, -6.9591e-02, -2.8611e-02, -4.8056e-02,  4.6392e-03,
          4.8490e-03,  7.0836e-03,  2.3859e-02,  4.1826e-02,  4.6812e-02,
          5.6435e-02,  1.4324e-01,  1.3052e-01,  1.4629e-01,  2.1761e-01]],
       device='cuda:0')
Mon 24 Nov 2025 23:02:13 INFO  Mean influence score: [0.07954233884811401, 0.08595950901508331, 0.08431296795606613, 0.0831359475851059, 0.0801253691315651, 0.07745938748121262, 0.0825398713350296, 0.08063246309757233, 0.07976392656564713, 0.07711144536733627, 0.07876218855381012, 0.07501564174890518, 0.07847645878791809, 0.0829259604215622, 0.07577123492956161, 0.0721706822514534, 0.0725526437163353, 0.073666051030159, 0.07675467431545258, 0.07608997076749802, 0.07678467035293579, 0.07948961108922958, 0.07778150588274002, 0.082770936191082, 0.07872942090034485]
Mon 24 Nov 2025 23:02:13 INFO  Stage 3 selected prob: [0.04003213718533516, 0.04028986021876335, 0.04022357240319252, 0.040176261216402054, 0.04005548730492592, 0.03994883969426155, 0.04015231505036354, 0.04007580131292343, 0.040041010826826096, 0.039934948086738586, 0.04000091925263405, 0.03985133767127991, 0.039989497512578964, 0.040167827159166336, 0.03988146036863327, 0.03973812237381935, 0.039753302931785583, 0.0397975891828537, 0.03992069885134697, 0.03989417105913162, 0.039921898394823074, 0.04003003239631653, 0.039961714297533035, 0.04016159847378731, 0.03999961167573929]
Mon 24 Nov 2025 23:02:46 INFO  [Epoch 121] Train Loss: 1.8726317077942412
Mon 24 Nov 2025 23:03:19 INFO  [Epoch 122] Train Loss: 1.8695932605196606
Mon 24 Nov 2025 23:03:53 INFO  [Epoch 123] Train Loss: 1.8695584820839943
Mon 24 Nov 2025 23:04:27 INFO  [Epoch 124] Train Loss: 1.8661263761348164
Mon 24 Nov 2025 23:05:00 INFO  [Epoch 125] Train Loss: 1.8635146429522582
Mon 24 Nov 2025 23:05:34 INFO  [Epoch 126] Train Loss: 1.8636571674799005
Mon 24 Nov 2025 23:06:07 INFO  [Epoch 127] Train Loss: 1.8595973783368183
Mon 24 Nov 2025 23:06:41 INFO  [Epoch 128] Train Loss: 1.8545863445402537
Mon 24 Nov 2025 23:07:14 INFO  [Epoch 129] Train Loss: 1.8537468498501228
Mon 24 Nov 2025 23:07:48 INFO  [Epoch 130] Train Loss: 1.84822832138759
Mon 24 Nov 2025 23:07:48 INFO  [Epoch 130] Saved model checkpoint to ckpt/Musical_Instruments/Nov-24-2025_20-48-c30334/Nov-24-2025_20-48-c30334_130.pth
Mon 24 Nov 2025 23:08:22 INFO  [Epoch 131] Train Loss: 1.8468478382575593
Mon 24 Nov 2025 23:08:56 INFO  [Epoch 132] Train Loss: 1.8446573812859322
Mon 24 Nov 2025 23:09:30 INFO  [Epoch 133] Train Loss: 1.8419817648407568
Mon 24 Nov 2025 23:10:04 INFO  [Epoch 134] Train Loss: 1.8382485819724022
Mon 24 Nov 2025 23:10:38 INFO  [Epoch 135] Train Loss: 1.837528803009481
Mon 24 Nov 2025 23:11:11 INFO  [Epoch 136] Train Loss: 1.8339045744717255
Mon 24 Nov 2025 23:11:46 INFO  [Epoch 137] Train Loss: 1.831447315538979
Mon 24 Nov 2025 23:12:20 INFO  [Epoch 138] Train Loss: 1.8294281434797541
Mon 24 Nov 2025 23:12:54 INFO  [Epoch 139] Train Loss: 1.8262555491574461
Mon 24 Nov 2025 23:13:28 INFO  [Epoch 140] Train Loss: 1.8214940957506407
Mon 24 Nov 2025 23:13:28 INFO  [Epoch 140] Saved model checkpoint to ckpt/Musical_Instruments/Nov-24-2025_20-48-c30334/Nov-24-2025_20-48-c30334_140.pth
Mon 24 Nov 2025 23:13:28 INFO  Best epoch: 0, Best val score: -1
Mon 24 Nov 2025 23:13:28 INFO  [Epoch 141] Saved model checkpoint to ckpt/Musical_Instruments/Nov-24-2025_20-48-c30334/Nov-24-2025_20-48-c30334.pth
Mon 24 Nov 2025 23:13:28 INFO  Validation scores for all tokenizers: [0 0 0 0 0 0 0 0 0 0 0 0 0 0 0 0 0 0 0 0 0 0 0 0 0]
Mon 24 Nov 2025 23:29:41 INFO  Influence scores: tensor([[ 1.9110e-01,  1.5168e-01,  1.4850e-01,  1.2034e-01,  1.1232e-01,
          1.0833e-01,  5.9383e-02,  5.1458e-02,  5.2498e-02,  3.9560e-02,
          1.6200e-02, -2.2711e-02,  1.9100e-03, -3.6174e-02, -3.2476e-02,
         -5.3786e-02, -4.3802e-02, -4.0873e-02, -3.1729e-02, -7.7628e-02,
         -3.7735e-02, -7.9438e-02, -4.0372e-02, -6.4353e-02, -3.8474e-02],
        [ 1.3921e-01,  2.1341e-01,  1.4549e-01,  1.3542e-01,  1.2519e-01,
          9.1622e-02,  6.7972e-02,  7.0000e-02,  4.3248e-02,  3.6411e-02,
          3.7520e-02, -1.1554e-02,  8.6719e-03, -2.0617e-02, -1.5119e-02,
         -3.8665e-02, -2.3190e-02, -2.7175e-02, -1.5753e-02, -6.5166e-02,
         -2.9112e-02, -7.5162e-02, -4.7590e-02, -5.9259e-02, -4.1740e-02],
        [ 9.2611e-02,  1.0156e-01,  1.9243e-01,  9.3550e-02,  1.3934e-01,
          1.0285e-01,  8.5045e-02,  4.4327e-02,  6.4809e-02,  5.0678e-02,
          4.5916e-02, -1.8790e-02,  4.2576e-03, -2.0004e-02, -1.9388e-02,
         -4.3601e-02, -2.7932e-02, -2.1384e-02, -1.0611e-02, -7.2330e-02,
         -2.8918e-02, -7.0397e-02, -3.6711e-02, -5.6128e-02, -2.4444e-02],
        [ 1.0521e-01,  1.3278e-01,  1.3395e-01,  1.6143e-01,  1.0587e-01,
          9.7347e-02,  7.2079e-02,  6.1709e-02,  4.6975e-02,  4.3861e-02,
          3.3464e-02, -1.8673e-02,  6.1084e-03, -2.3681e-02, -2.3383e-02,
         -4.8700e-02, -3.8187e-02, -3.8954e-02, -1.8325e-02, -7.7444e-02,
         -3.8587e-02, -8.0198e-02, -5.4938e-02, -7.1084e-02, -4.0719e-02],
        [ 6.7605e-02,  9.1491e-02,  1.5119e-01,  7.7480e-02,  1.7377e-01,
          9.3968e-02,  8.6797e-02,  4.8489e-02,  6.9533e-02,  4.6715e-02,
          5.5698e-02, -1.5753e-02, -5.0367e-04, -1.8861e-02, -1.6102e-02,
         -4.0284e-02, -2.1377e-02, -1.9131e-02, -1.2449e-02, -6.9714e-02,
         -2.7722e-02, -7.1025e-02, -3.9260e-02, -5.6282e-02, -3.1314e-02],
        [ 4.8760e-02,  4.5500e-02,  9.9591e-02,  5.3620e-02,  7.8908e-02,
          1.5601e-01,  4.4006e-02,  1.8547e-02,  4.7548e-02,  5.8594e-02,
          2.0526e-02,  2.9548e-03,  2.6368e-02, -1.1853e-02, -1.8050e-02,
         -4.6955e-02, -3.7265e-02, -2.5732e-02, -1.0891e-02, -6.2305e-02,
         -2.0695e-02, -6.6693e-02, -3.8372e-02, -6.6569e-02, -3.5961e-02],
        [ 3.0054e-02,  5.1335e-02,  1.1194e-01,  5.9387e-02,  1.0286e-01,
          7.3575e-02,  1.0754e-01,  4.8799e-02,  6.6848e-02,  5.9721e-02,
          5.8688e-02, -1.8054e-02,  1.0326e-02, -1.4598e-02, -8.7696e-03,
         -2.9970e-02, -1.8060e-02, -2.2759e-02, -1.0100e-04, -6.4345e-02,
         -2.5557e-02, -6.5911e-02, -3.4423e-02, -6.1779e-02, -3.2422e-02],
        [ 3.1325e-02,  6.0345e-02,  8.1439e-02,  5.6576e-02,  7.2185e-02,
          5.8740e-02,  5.5947e-02,  1.6630e-01,  4.3784e-02,  4.9199e-02,
          3.4134e-02, -1.1877e-02,  2.1864e-02, -5.3368e-03,  4.0391e-03,
         -1.6080e-02, -5.0554e-03, -3.8843e-02, -1.6913e-02, -4.9870e-02,
         -3.2144e-02, -7.0202e-02, -4.2607e-02, -6.9774e-02, -4.9181e-02],
        [ 1.9505e-02,  2.0976e-02,  8.5451e-02,  2.7882e-02,  7.9272e-02,
          7.4118e-02,  6.0296e-02,  2.9933e-02,  9.8924e-02,  6.3892e-02,
          4.4088e-02, -1.1892e-02,  9.7184e-03, -1.8695e-02, -9.6532e-03,
         -3.3196e-02, -2.2223e-02, -2.0664e-02, -9.4441e-03, -6.9459e-02,
         -2.5859e-02, -6.7920e-02, -2.8051e-02, -6.6284e-02, -4.0658e-02],
        [-1.5788e-02, -5.5804e-03,  5.1908e-02,  2.8454e-03,  3.6313e-02,
          6.3534e-02,  3.2514e-02,  1.3074e-02,  4.3446e-02,  1.0456e-01,
          4.0957e-02, -1.2273e-02,  2.8734e-02, -4.2609e-03,  6.1335e-03,
         -1.6763e-02, -1.0297e-02, -1.7622e-02,  9.6910e-03, -5.0162e-02,
         -1.4946e-02, -5.1221e-02, -1.9645e-02, -6.4550e-02, -3.5475e-02],
        [-2.4522e-02,  7.5485e-03,  6.0693e-02,  7.0372e-03,  5.7605e-02,
          4.2695e-02,  4.3917e-02,  1.0148e-02,  3.7468e-02,  5.3451e-02,
          1.0457e-01, -2.8332e-03,  2.3433e-02,  8.4796e-03,  2.2123e-02,
         -3.8550e-03,  9.5825e-03,  9.8264e-03,  3.0055e-02, -3.8796e-02,
          2.2892e-03, -4.3612e-02, -1.9601e-02, -4.7215e-02, -2.1337e-02],
        [-4.2178e-02, -2.1288e-02,  1.6100e-02, -2.5176e-02,  7.8394e-03,
          4.2360e-02, -1.1164e-02, -1.3368e-02,  1.2071e-03,  2.2526e-02,
          1.4987e-02,  6.4867e-02,  6.4734e-02,  1.9634e-02,  1.4042e-02,
         -1.8014e-02, -1.3148e-02, -3.5438e-04,  5.1031e-03, -2.8596e-02,
          6.4654e-03, -4.5761e-02, -3.2741e-02, -4.8928e-02, -2.7604e-02],
        [-4.6122e-02, -2.7727e-02,  1.2364e-02, -2.6666e-02, -3.0050e-03,
          3.9730e-02, -8.6310e-03, -6.8659e-03, -3.3613e-03,  3.6320e-02,
          1.4754e-02,  3.8536e-02,  1.0457e-01,  2.5625e-02,  2.5653e-02,
         -7.2139e-04, -3.3393e-03, -5.4534e-03,  2.1450e-02, -1.0159e-02,
          1.3739e-02, -2.9587e-02, -1.5459e-02, -4.0206e-02, -1.4061e-02],
        [-5.3287e-02, -2.6334e-02,  1.9065e-02, -2.6455e-02,  9.1845e-03,
          3.0107e-02, -5.7129e-03, -5.9174e-03, -1.6404e-03,  3.0711e-02,
          3.0286e-02,  2.1698e-02,  5.3777e-02,  8.0203e-02,  3.9343e-02,
          5.5450e-03,  2.1145e-02,  1.9704e-02,  3.7065e-02, -8.5765e-03,
          2.2200e-02, -2.4659e-02, -1.3134e-02, -3.3873e-02, -7.1774e-03],
        [-8.3284e-02, -5.5200e-02, -1.4489e-02, -6.0642e-02, -2.3489e-02,
         -7.7083e-03, -3.3167e-02, -3.0623e-02, -2.7062e-02,  8.7795e-03,
          9.2947e-03, -1.5133e-02,  2.3172e-02,  6.9098e-03,  8.7356e-02,
          4.6212e-02,  4.9977e-02,  3.1412e-02,  5.5167e-02,  1.5418e-02,
          3.9548e-02, -4.5269e-03,  1.1382e-02, -2.2686e-02, -1.7418e-03],
        [-8.0188e-02, -5.0997e-02, -1.5269e-02, -6.2537e-02, -2.3575e-02,
         -1.4943e-02, -3.1297e-02, -2.4870e-02, -2.6407e-02,  1.0023e-02,
          9.7370e-03, -2.3872e-02,  2.0205e-02, -1.2170e-03,  7.1090e-02,
          1.0742e-01,  7.3381e-02,  2.9355e-02,  7.3004e-02,  4.8014e-02,
          6.6506e-02,  2.9429e-02,  5.8317e-02,  1.2934e-02,  2.0908e-02],
        [-7.6653e-02, -4.6282e-02, -8.2001e-03, -5.9449e-02, -1.3484e-02,
         -9.8996e-03, -2.9863e-02, -2.3892e-02, -2.4580e-02,  8.2710e-03,
          1.3903e-02, -2.6711e-02,  9.2904e-03,  4.5759e-03,  6.6849e-02,
          6.5037e-02,  1.1304e-01,  4.7084e-02,  6.4052e-02,  3.7819e-02,
          5.7653e-02,  2.2396e-02,  4.8590e-02,  9.8728e-03,  1.1471e-02],
        [-7.6999e-02, -5.2979e-02, -6.2194e-04, -6.1311e-02, -9.4006e-03,
         -2.7494e-04, -3.1492e-02, -5.8593e-02, -2.2403e-02, -1.9613e-04,
          1.4173e-02, -1.5467e-02,  6.6460e-03,  4.0817e-03,  4.6815e-02,
          2.0062e-02,  4.6488e-02,  1.2658e-01,  8.5172e-02,  2.0384e-02,
          9.1955e-02,  3.9847e-02,  5.7402e-02,  3.9222e-02,  6.2347e-02],
        [-7.5056e-02, -4.9405e-02, -1.5521e-04, -5.0293e-02, -1.3552e-02,
          3.6408e-03, -1.9884e-02, -4.6545e-02, -2.1453e-02,  1.7827e-02,
          2.2171e-02, -2.0843e-02,  2.3612e-02,  9.9502e-03,  5.9186e-02,
          5.4185e-02,  5.3370e-02,  7.4309e-02,  1.6315e-01,  6.0069e-02,
          1.0808e-01,  6.4372e-02,  7.8516e-02,  4.9140e-02,  8.7561e-02],
        [-9.5274e-02, -7.2078e-02, -3.4454e-02, -8.2450e-02, -4.4101e-02,
         -2.2912e-02, -5.7436e-02, -5.3864e-02, -5.4449e-02, -1.7308e-02,
         -1.8963e-02, -2.9637e-02,  1.6311e-02, -1.1316e-02,  4.4534e-02,
          5.3321e-02,  5.1308e-02,  3.5793e-02,  8.6051e-02,  1.1738e-01,
          1.1995e-01,  7.8886e-02,  8.3758e-02,  6.2978e-02,  6.4661e-02],
        [-9.1007e-02, -7.1810e-02, -2.6867e-02, -7.9759e-02, -3.6075e-02,
         -1.5811e-02, -5.3874e-02, -7.0190e-02, -4.5131e-02, -1.6383e-02,
         -1.2236e-02, -2.7951e-02,  5.8227e-03, -1.3432e-02,  3.5930e-02,
          3.8894e-02,  3.8702e-02,  7.4582e-02,  1.0075e-01,  8.7261e-02,
          1.7526e-01,  1.0815e-01,  1.0981e-01,  1.0070e-01,  1.0394e-01],
        [-9.8077e-02, -8.1351e-02, -3.1925e-02, -8.5463e-02, -4.4553e-02,
         -2.6613e-02, -5.7569e-02, -7.1317e-02, -5.2286e-02, -1.7083e-02,
         -2.2204e-02, -4.5929e-02, -2.3630e-03, -2.4003e-02,  2.6828e-02,
          3.9175e-02,  3.9595e-02,  5.7044e-02,  9.1327e-02,  8.0564e-02,
          1.4384e-01,  1.6630e-01,  1.5674e-01,  1.3633e-01,  1.4329e-01],
        [-8.1958e-02, -8.2754e-02, -2.3945e-02, -8.4959e-02, -3.8004e-02,
         -2.0894e-02, -5.2654e-02, -6.6734e-02, -3.6817e-02, -6.2047e-03,
         -2.2368e-02, -5.7664e-02, -1.0635e-02, -3.6743e-02,  1.8926e-02,
          4.4329e-02,  4.2690e-02,  5.2570e-02,  8.0667e-02,  5.7359e-02,
          1.1802e-01,  1.3037e-01,  2.4678e-01,  1.4120e-01,  1.5665e-01],
        [-8.3754e-02, -6.8671e-02, -1.9548e-02, -7.6071e-02, -2.8934e-02,
         -2.6133e-02, -5.2806e-02, -7.1571e-02, -5.0249e-02, -2.9578e-02,
         -2.5358e-02, -4.7987e-02, -1.2513e-02, -3.3032e-02,  9.5992e-03,
          2.0161e-02,  2.6246e-02,  5.8533e-02,  7.4660e-02,  6.4335e-02,
          1.3724e-01,  1.3470e-01,  1.6699e-01,  2.2365e-01,  2.0353e-01],
        [-6.4998e-02, -5.6452e-02,  4.0108e-03, -5.2564e-02, -1.3545e-02,
         -3.8968e-03, -2.9108e-02, -5.9075e-02, -3.1809e-02, -6.6913e-03,
         -7.9045e-03, -3.5433e-02,  7.6833e-03, -1.4229e-02,  2.2267e-02,
          2.6216e-02,  2.1997e-02,  7.5033e-02,  1.0830e-01,  6.0028e-02,
          1.3545e-01,  1.3816e-01,  1.7663e-01,  1.9730e-01,  3.1234e-01]],
       device='cuda:0')
Mon 24 Nov 2025 23:29:41 INFO  Mean influence score: [0.07441568374633789, 0.08093275129795074, 0.07916545122861862, 0.07762300968170166, 0.07518129050731659, 0.07185825705528259, 0.07693110406398773, 0.07499481737613678, 0.07373808324337006, 0.0710567981004715, 0.0732845738530159, 0.06858962029218674, 0.07222851365804672, 0.07671359181404114, 0.06946026533842087, 0.06706313788890839, 0.06736557930707932, 0.06862162798643112, 0.07245613634586334, 0.07047326117753983, 0.07177329063415527, 0.07425568252801895, 0.07284694910049438, 0.0775073766708374, 0.07519378513097763]
Mon 24 Nov 2025 23:29:41 INFO  Stage 4 selected prob: [0.04004242643713951, 0.040304239839315414, 0.0402330718934536, 0.0401710607111454, 0.04007309302687645, 0.03994015231728554, 0.04014327749609947, 0.040065620094537735, 0.04001530259847641, 0.03990815207362175, 0.0399971604347229, 0.03980981558561325, 0.03995494544506073, 0.040134549140930176, 0.039844490587711334, 0.03974909335374832, 0.03976111486554146, 0.039811085909605026, 0.039964038878679276, 0.03988486900925636, 0.03993675857782364, 0.04003601893782616, 0.039979659020900726, 0.04016641527414322, 0.04007359594106674]
Mon 24 Nov 2025 23:30:15 INFO  [Epoch 141] Train Loss: 1.8185516221797762
Mon 24 Nov 2025 23:30:57 INFO  [Epoch 142] Train Loss: 1.8178760693250875
Mon 24 Nov 2025 23:31:29 INFO  [Epoch 143] Train Loss: 1.8144067733067153
Mon 24 Nov 2025 23:32:01 INFO  [Epoch 144] Train Loss: 1.8116282122398877
Mon 24 Nov 2025 23:32:32 INFO  [Epoch 145] Train Loss: 1.806626622348553
Mon 24 Nov 2025 23:33:05 INFO  [Epoch 146] Train Loss: 1.807991782913897
Mon 24 Nov 2025 23:33:38 INFO  [Epoch 147] Train Loss: 1.8038705277927305
Mon 24 Nov 2025 23:34:10 INFO  [Epoch 148] Train Loss: 1.7985209124352002
Mon 24 Nov 2025 23:34:44 INFO  [Epoch 149] Train Loss: 1.7958723780263897
Mon 24 Nov 2025 23:35:17 INFO  [Epoch 150] Train Loss: 1.7949208182621217
Mon 24 Nov 2025 23:35:17 INFO  [Epoch 150] Saved model checkpoint to ckpt/Musical_Instruments/Nov-24-2025_20-48-c30334/Nov-24-2025_20-48-c30334_150.pth
Mon 24 Nov 2025 23:35:51 INFO  [Epoch 151] Train Loss: 1.7915443343448854
Mon 24 Nov 2025 23:36:23 INFO  [Epoch 152] Train Loss: 1.789614204090282
Mon 24 Nov 2025 23:36:57 INFO  [Epoch 153] Train Loss: 1.7838247158726506
Mon 24 Nov 2025 23:37:30 INFO  [Epoch 154] Train Loss: 1.779728021632468
Mon 24 Nov 2025 23:38:02 INFO  [Epoch 155] Train Loss: 1.7782778441233236
Mon 24 Nov 2025 23:38:36 INFO  [Epoch 156] Train Loss: 1.7767012996544418
Mon 24 Nov 2025 23:39:19 INFO  [Epoch 157] Train Loss: 1.7713663368138988
Mon 24 Nov 2025 23:39:58 INFO  [Epoch 158] Train Loss: 1.7699017470900147
Mon 24 Nov 2025 23:40:37 INFO  [Epoch 159] Train Loss: 1.7660008846502542
Mon 24 Nov 2025 23:41:15 INFO  [Epoch 160] Train Loss: 1.7636107717625982
Mon 24 Nov 2025 23:41:15 INFO  [Epoch 160] Saved model checkpoint to ckpt/Musical_Instruments/Nov-24-2025_20-48-c30334/Nov-24-2025_20-48-c30334_160.pth
Mon 24 Nov 2025 23:41:15 INFO  Best epoch: 0, Best val score: -1
Mon 24 Nov 2025 23:41:16 INFO  [Epoch 161] Saved model checkpoint to ckpt/Musical_Instruments/Nov-24-2025_20-48-c30334/Nov-24-2025_20-48-c30334.pth
Mon 24 Nov 2025 23:41:16 INFO  Validation scores for all tokenizers: [0 0 0 0 0 0 0 0 0 0 0 0 0 0 0 0 0 0 0 0 0 0 0 0 0]
